#
# A fatal error has been detected by the Java Runtime Environment:
#
#  SIGSEGV (0xb) at pc=0x00007fb92a2835d7, pid=3896, tid=140433222637312
#
# JRE version: Java(TM) SE Runtime Environment (7.0_55-b13) (build 1.7.0_55-b13)
# Java VM: Java HotSpot(TM) 64-Bit Server VM (24.55-b03 mixed mode linux-amd64 compressed oops)
# Problematic frame:
# V  [libjvm.so+0x8c95d7]  ContiguousSpace::prepare_for_compaction(CompactPoint*)+0xe7
#
# Failed to write core dump. Core dumps have been disabled. To enable core dumping, try "ulimit -c unlimited" before starting Java again
#
# If you would like to submit a bug report, please visit:
#   http://bugreport.sun.com/bugreport/crash.jsp
#

---------------  T H R E A D  ---------------

Current thread (0x00007fb924085800):  VMThread [stack: 0x00007fb928499000,0x00007fb92859a000] [id=3938]

siginfo:si_signo=SIGSEGV: si_errno=0, si_code=1 (SEGV_MAPERR), si_addr=0x0000000000000018

Registers:
RAX=0x00007fb92a7cc6a0, RBX=0x00000000f3f9b0e0, RCX=0x0000000000000000, RDX=0x0000000000000000
RSP=0x00007fb928598600, RBP=0x00007fb928598660, RSI=0x0000000000000040, RDI=0x0000000000000010
R8 =0x0000000000000001, R9 =0x0101010101010101, R10=0x0000000000000001, R11=0x00007fb92a8a3dba
R12=0x00000000f3f9b0e0, R13=0x0000000000000007, R14=0x00000000f454fff0, R15=0x0000000000000000
RIP=0x00007fb92a2835d7, EFLAGS=0x0000000000010246, CSGSFS=0x0000000000000033, ERR=0x0000000000000004
  TRAPNO=0x000000000000000e

Top of Stack: (sp=0x00007fb928598600)
0x00007fb928598600:   00007fb928598770 00007fb92401c920
0x00007fb928598610:   00000000f3f9b0e0 0000000000184046
0x00007fb928598620:   00000000f3f9b0e0 00000000f4550000
0x00007fb928598630:   0000000000000240 00007fb92401c920
0x00007fb928598640:   00007fb928598770 00007fb928598730
0x00007fb928598650:   00007fb924016960 0000000000000001
0x00007fb928598660:   00007fb928598680 00007fb929f2af6f
0x00007fb928598670:   00007fb92401c560 00007fb924016960
0x00007fb928598680:   00007fb9285987c0 00007fb929f1fd30
0x00007fb928598690:   00007fb928598750 0000000016af57e8
0x00007fb9285986a0:   004347206c6c7546 00007fb92a7c6320
0x00007fb9285986b0:   00007fb928598740 00007fb929ddec55
0x00007fb9285986c0:   000000000000c0c6 00007fb9285986d0
0x00007fb9285986d0:   00007fb924085800 00007fb9240859e0
0x00007fb9285986e0:   00007fb924085a20 00007fb924085a30
0x00007fb9285986f0:   00007fb928598710 00007fff11c6a814
0x00007fb928598700:   00007fb928598750 0000000000000000
0x00007fb928598710:   00007fb928598730 00007fff11c6a8bc
0x00007fb928598720:   00007fb900000007 0000000000000001
0x00007fb928598730:   00007fb92a39c5e2 00007fb92a8b0100
0x00007fb928598740:   00007fb924044f40 00000000cd8bdaf0
0x00007fb928598750:   00007fb9285986a0 00007fff11c60100
0x00007fb928598760:   0000000000000000 0000000000000000
0x00007fb928598770:   00007fb92401c560 00007fb92401c920
0x00007fb928598780:   00000000f3f9b200 00007fb929f0bc20
0x00007fb928598790:   00007fb9285987c0 00007fb924016960
0x00007fb9285987a0:   00007fb924045130 00007fb924082ff0
0x00007fb9285987b0:   00007fb92401b9b0 0000000005556000
0x00007fb9285987c0:   00007fb928598820 00007fb929f2b9f4
0x00007fb9285987d0:   00007fb928598801 00007fb924008800
0x00007fb9285987e0:   00007fb924044f40 00000000c5550000
0x00007fb9285987f0:   01007fb928598800 00007fb924082ff0 

Instructions: (pc=0x00007fb92a2835d7)
0x00007fb92a2835b7:   ff e9 95 00 00 00 0f 1f 00 48 8b 05 b1 c3 52 00
0x00007fb92a2835c7:   8b 53 08 8b 48 08 48 d3 e2 48 03 10 48 8d 7a 10
0x00007fb92a2835d7:   8b 77 08 83 fe 00 0f 8e b3 00 00 00 40 f6 c6 01
0x00007fb92a2835e7:   0f 85 63 01 00 00 89 f0 c1 f8 03 48 98 48 8d 1c 

Register to memory mapping:

RAX=0x00007fb92a7cc6a0: <offset 0xe126a0> in /usr/java/jdk1.7.0_55/jre/lib/amd64/server/libjvm.so at 0x00007fb9299ba000
RBX=
[error occurred during error reporting (printing register info), id 0xb]

Stack: [0x00007fb928499000,0x00007fb92859a000],  sp=0x00007fb928598600,  free space=1021k
Native frames: (J=compiled Java code, j=interpreted, Vv=VM code, C=native code)
V  [libjvm.so+0x8c95d7]  ContiguousSpace::prepare_for_compaction(CompactPoint*)+0xe7
V  [libjvm.so+0x570f6f]  Generation::prepare_for_compaction(CompactPoint*)+0x2f
V  [libjvm.so+0x565d30]  GenMarkSweep::invoke_at_safepoint(int, ReferenceProcessor*, bool)+0x1f0
V  [libjvm.so+0x5719f4]  OneContigSpaceCardGeneration::collect(bool, bool, unsigned long, bool)+0xa4
V  [libjvm.so+0x5645bb]  GenCollectedHeap::do_collection(bool, bool, unsigned long, bool, int)+0x54b
V  [libjvm.so+0x564dd7]  GenCollectedHeap::do_full_collection(bool, int)+0x47
V  [libjvm.so+0x993f00]  VM_GenCollectForPermanentAllocation::doit()+0x170
V  [libjvm.so+0x99bd25]  VM_Operation::evaluate()+0x55
V  [libjvm.so+0x99a15a]  VMThread::evaluate_operation(VM_Operation*)+0xba
V  [libjvm.so+0x99a4de]  VMThread::loop()+0x1ce
V  [libjvm.so+0x99a950]  VMThread::run()+0x70
V  [libjvm.so+0x815668]  java_start(Thread*)+0x108

VM_Operation (0x00007fb90323e7b0): GenCollectForPermanentAllocation, mode: safepoint, requested by thread 0x00007fb925d07000


---------------  P R O C E S S  ---------------

Java Threads: ( => current thread )
  0x00007fb925d07000 JavaThread "pool-4-thread-5" [_thread_blocked, id=4215, stack(0x00007fb903147000,0x00007fb903248000)]
  0x00007fb925cbb800 JavaThread "pool-4-thread-4" [_thread_blocked, id=4214, stack(0x00007fb902f45000,0x00007fb903046000)]
  0x00007fb925d14800 JavaThread "Keep-Alive-Timer" daemon [_thread_blocked, id=4213, stack(0x00007fb902e44000,0x00007fb902f45000)]
  0x00007fb91c023000 JavaThread "pool-4-thread-2" [_thread_blocked, id=4167, stack(0x00007fb903046000,0x00007fb903147000)]
  0x00007fb925ca8800 JavaThread "sbt-web-akka.actor.default-dispatcher-2" [_thread_blocked, id=4161, stack(0x00007fb903a02000,0x00007fb903b03000)]
  0x00007fb925c53000 JavaThread "sbt-web-scheduler-1" [_thread_blocked, id=4160, stack(0x00007fb903800000,0x00007fb903901000)]
  0x00007fb9240b1800 JavaThread "Service Thread" daemon [_thread_blocked, id=3944, stack(0x00007fb920bfc000,0x00007fb920cfd000)]
  0x00007fb9240af000 JavaThread "C2 CompilerThread1" daemon [_thread_blocked, id=3943, stack(0x00007fb920cfd000,0x00007fb920dfe000)]
  0x00007fb9240ac800 JavaThread "C2 CompilerThread0" daemon [_thread_blocked, id=3942, stack(0x00007fb920dfe000,0x00007fb920eff000)]
  0x00007fb9240a2800 JavaThread "Signal Dispatcher" daemon [_thread_blocked, id=3941, stack(0x00007fb920eff000,0x00007fb921000000)]
  0x00007fb92408b800 JavaThread "Finalizer" daemon [_thread_blocked, id=3940, stack(0x00007fb928297000,0x00007fb928398000)]
  0x00007fb924087800 JavaThread "Reference Handler" daemon [_thread_blocked, id=3939, stack(0x00007fb928398000,0x00007fb928499000)]
  0x00007fb924008800 JavaThread "main" [_thread_blocked, id=3937, stack(0x00007fb92b2ff000,0x00007fb92b400000)]

Other Threads:
=>0x00007fb924085800 VMThread [stack: 0x00007fb928499000,0x00007fb92859a000] [id=3938]
  0x00007fb9240bc800 WatcherThread [stack: 0x00007fb920afb000,0x00007fb920bfc000] [id=3945]

VM state:at safepoint (normal execution)

VM Mutex/Monitor currently owned by a thread:  ([mutex/lock_event])
[0x00007fb9240060d0] Threads_lock - owner thread: 0x00007fb924085800
[0x00007fb9240065d0] Heap_lock - owner thread: 0x00007fb925d07000

Heap
 def new generation   total 314560K, used 200130K [0x00000000b0000000, 0x00000000c5550000, 0x00000000c5550000)
  eden space 279616K,  67% used [0x00000000b0000000, 0x00000000bb95e480, 0x00000000c1110000)
  from space 34944K,  29% used [0x00000000c1110000, 0x00000000c1b226c0, 0x00000000c3330000)
  to   space 34944K,   0% used [0x00000000c3330000, 0x00000000c3330000, 0x00000000c5550000)
 tenured generation   total 699072K, used 171539K [0x00000000c5550000, 0x00000000f0000000, 0x00000000f0000000)
   the space 699072K,  24% used [0x00000000c5550000, 0x00000000cfcd4ca8, 0x00000000cb217000, 0x00000000f0000000)
 compacting perm gen  total 70976K, used 70975K [0x00000000f0000000, 0x00000000f4550000, 0x0000000100000000)
   the space 70976K,  99% used [0x00000000f0000000, 0x00000000f454fff0, 0x00000000f3f9b200, 0x00000000f4550000)
No shared spaces configured.

Card table byte_map: [0x00007fb928a4b000,0x00007fb928ccc000] byte_map_base: 0x00007fb9284cb000

Polling page: 0x00007fb92b408000

Code Cache  [0x00007fb921000000, 0x00007fb921680000, 0x00007fb924000000)
 total_blobs=2782 nmethods=2389 adapters=344 free_code_cache=42662Kb largest_free_block=43534720

Compilation events (10 events):
Event: 3235.740 Thread 0x00007fb9240ac800 2689 % !         org.apache.ivy.util.FileUtil::copy @ 37 (212 bytes)
Event: 3235.836 Thread 0x00007fb9240ac800 nmethod 2689% 0x00007fb921653610 code [0x00007fb921653b60, 0x00007fb921657770]
Event: 3239.672 Thread 0x00007fb9240af000 2690   !         org.apache.ivy.util.FileUtil::copy (212 bytes)
Event: 3239.880 Thread 0x00007fb9240af000 nmethod 2690 0x00007fb92165ca50 code [0x00007fb92165d140, 0x00007fb921662f00]
Event: 3443.930 Thread 0x00007fb9240ac800 2691             org.apache.ivy.core.resolve.IvyNodeEviction::cleanEvicted (118 bytes)
Event: 3444.110 Thread 0x00007fb9240ac800 nmethod 2691 0x00007fb92137be50 code [0x00007fb92137c100, 0x00007fb92137d1b0]
Event: 3444.190 Thread 0x00007fb9240af000 2692             org.apache.ivy.core.sort.ModuleDescriptorSorter::sortModuleDescriptorsHelp (145 bytes)
Event: 3444.461 Thread 0x00007fb9240ac800 2693             sbinary.JavaOutput::writeByte (9 bytes)
Event: 3444.463 Thread 0x00007fb9240ac800 nmethod 2693 0x00007fb921304a10 code [0x00007fb921304b80, 0x00007fb921304f48]
Event: 3444.870 Thread 0x00007fb9240af000 nmethod 2692 0x00007fb92166b5d0 code [0x00007fb92166c1a0, 0x00007fb921671428]

GC Heap History (10 events):
Event: 2787.351 GC heap after
Heap after GC invocations=10 (full 0):
 def new generation   total 314560K, used 16571K [0x00000000b0000000, 0x00000000c5550000, 0x00000000c5550000)
  eden space 279616K,   0% used [0x00000000b0000000, 0x00000000b0000000, 0x00000000c1110000)
  from space 34944K,  47% used [0x00000000c1110000, 0x00000000c213ed58, 0x00000000c3330000)
  to   space 34944K,   0% used [0x00000000c3330000, 0x00000000c3330000, 0x00000000c5550000)
 tenured generation   total 699072K, used 79976K [0x00000000c5550000, 0x00000000f0000000, 0x00000000f0000000)
   the space 699072K,  11% used [0x00000000c5550000, 0x00000000ca36a370, 0x00000000ca36a400, 0x00000000f0000000)
 compacting perm gen  total 65536K, used 57097K [0x00000000f0000000, 0x00000000f4000000, 0x0000000100000000)
   the space 65536K,  87% used [0x00000000f0000000, 0x00000000f37c2628, 0x00000000f37c2800, 0x00000000f4000000)
No shared spaces configured.
}
Event: 2799.830 GC heap before
{Heap before GC invocations=10 (full 0):
 def new generation   total 314560K, used 296187K [0x00000000b0000000, 0x00000000c5550000, 0x00000000c5550000)
  eden space 279616K, 100% used [0x00000000b0000000, 0x00000000c1110000, 0x00000000c1110000)
  from space 34944K,  47% used [0x00000000c1110000, 0x00000000c213ed58, 0x00000000c3330000)
  to   space 34944K,   0% used [0x00000000c3330000, 0x00000000c3330000, 0x00000000c5550000)
 tenured generation   total 699072K, used 79976K [0x00000000c5550000, 0x00000000f0000000, 0x00000000f0000000)
   the space 699072K,  11% used [0x00000000c5550000, 0x00000000ca36a370, 0x00000000ca36a400, 0x00000000f0000000)
 compacting perm gen  total 65536K, used 61633K [0x00000000f0000000, 0x00000000f4000000, 0x0000000100000000)
   the space 65536K,  94% used [0x00000000f0000000, 0x00000000f3c30628, 0x00000000f3c30800, 0x00000000f4000000)
No shared spaces configured.
Event: 2800.410 GC heap after
Heap after GC invocations=11 (full 0):
 def new generation   total 314560K, used 34944K [0x00000000b0000000, 0x00000000c5550000, 0x00000000c5550000)
  eden space 279616K,   0% used [0x00000000b0000000, 0x00000000b0000000, 0x00000000c1110000)
  from space 34944K, 100% used [0x00000000c3330000, 0x00000000c5550000, 0x00000000c5550000)
  to   space 34944K,   0% used [0x00000000c1110000, 0x00000000c1110000, 0x00000000c3330000)
 tenured generation   total 699072K, used 124200K [0x00000000c5550000, 0x00000000f0000000, 0x00000000f0000000)
   the space 699072K,  17% used [0x00000000c5550000, 0x00000000cce9a000, 0x00000000cce9a000, 0x00000000f0000000)
 compacting perm gen  total 65536K, used 61633K [0x00000000f0000000, 0x00000000f4000000, 0x0000000100000000)
   the space 65536K,  94% used [0x00000000f0000000, 0x00000000f3c30628, 0x00000000f3c30800, 0x00000000f4000000)
No shared spaces configured.
}
Event: 2832.660 GC heap before
{Heap before GC invocations=11 (full 0):
 def new generation   total 314560K, used 314560K [0x00000000b0000000, 0x00000000c5550000, 0x00000000c5550000)
  eden space 279616K, 100% used [0x00000000b0000000, 0x00000000c1110000, 0x00000000c1110000)
  from space 34944K, 100% used [0x00000000c3330000, 0x00000000c5550000, 0x00000000c5550000)
  to   space 34944K,   0% used [0x00000000c1110000, 0x00000000c1110000, 0x00000000c3330000)
 tenured generation   total 699072K, used 124200K [0x00000000c5550000, 0x00000000f0000000, 0x00000000f0000000)
   the space 699072K,  17% used [0x00000000c5550000, 0x00000000cce9a000, 0x00000000cce9a000, 0x00000000f0000000)
 compacting perm gen  total 69376K, used 69162K [0x00000000f0000000, 0x00000000f43c0000, 0x0000000100000000)
   the space 69376K,  99% used [0x00000000f0000000, 0x00000000f438aac0, 0x00000000f438ac00, 0x00000000f43c0000)
No shared spaces configured.
Event: 2834.637 GC heap after
Heap after GC invocations=12 (full 0):
 def new generation   total 314560K, used 19567K [0x00000000b0000000, 0x00000000c5550000, 0x00000000c5550000)
  eden space 279616K,   0% used [0x00000000b0000000, 0x00000000b0000000, 0x00000000c1110000)
  from space 34944K,  55% used [0x00000000c1110000, 0x00000000c242bfc0, 0x00000000c3330000)
  to   space 34944K,   0% used [0x00000000c3330000, 0x00000000c3330000, 0x00000000c5550000)
 tenured generation   total 699072K, used 158876K [0x00000000c5550000, 0x00000000f0000000, 0x00000000f0000000)
   the space 699072K,  22% used [0x00000000c5550000, 0x00000000cf0771a8, 0x00000000cf077200, 0x00000000f0000000)
 compacting perm gen  total 69376K, used 69162K [0x00000000f0000000, 0x00000000f43c0000, 0x0000000100000000)
   the space 69376K,  99% used [0x00000000f0000000, 0x00000000f438aac0, 0x00000000f438ac00, 0x00000000f43c0000)
No shared spaces configured.
}
Event: 2994.311 GC heap before
{Heap before GC invocations=12 (full 0):
 def new generation   total 314560K, used 299183K [0x00000000b0000000, 0x00000000c5550000, 0x00000000c5550000)
  eden space 279616K, 100% used [0x00000000b0000000, 0x00000000c1110000, 0x00000000c1110000)
  from space 34944K,  55% used [0x00000000c1110000, 0x00000000c242bfc0, 0x00000000c3330000)
  to   space 34944K,   0% used [0x00000000c3330000, 0x00000000c3330000, 0x00000000c5550000)
 tenured generation   total 699072K, used 158876K [0x00000000c5550000, 0x00000000f0000000, 0x00000000f0000000)
   the space 699072K,  22% used [0x00000000c5550000, 0x00000000cf0771a8, 0x00000000cf077200, 0x00000000f0000000)
 compacting perm gen  total 69376K, used 69215K [0x00000000f0000000, 0x00000000f43c0000, 0x0000000100000000)
   the space 69376K,  99% used [0x00000000f0000000, 0x00000000f4397ed8, 0x00000000f4398000, 0x00000000f43c0000)
No shared spaces configured.
Event: 2995.052 GC heap after
Heap after GC invocations=13 (full 0):
 def new generation   total 314560K, used 7488K [0x00000000b0000000, 0x00000000c5550000, 0x00000000c5550000)
  eden space 279616K,   0% used [0x00000000b0000000, 0x00000000b0000000, 0x00000000c1110000)
  from space 34944K,  21% used [0x00000000c3330000, 0x00000000c3a800c0, 0x00000000c5550000)
  to   space 34944K,   0% used [0x00000000c1110000, 0x00000000c1110000, 0x00000000c3330000)
 tenured generation   total 699072K, used 171539K [0x00000000c5550000, 0x00000000f0000000, 0x00000000f0000000)
   the space 699072K,  24% used [0x00000000c5550000, 0x00000000cfcd4ca8, 0x00000000cfcd4e00, 0x00000000f0000000)
 compacting perm gen  total 69376K, used 69215K [0x00000000f0000000, 0x00000000f43c0000, 0x0000000100000000)
   the space 69376K,  99% used [0x00000000f0000000, 0x00000000f4397ed8, 0x00000000f4398000, 0x00000000f43c0000)
No shared spaces configured.
}
Event: 3042.114 GC heap before
{Heap before GC invocations=13 (full 0):
 def new generation   total 314560K, used 287104K [0x00000000b0000000, 0x00000000c5550000, 0x00000000c5550000)
  eden space 279616K, 100% used [0x00000000b0000000, 0x00000000c1110000, 0x00000000c1110000)
  from space 34944K,  21% used [0x00000000c3330000, 0x00000000c3a800c0, 0x00000000c5550000)
  to   space 34944K,   0% used [0x00000000c1110000, 0x00000000c1110000, 0x00000000c3330000)
 tenured generation   total 699072K, used 171539K [0x00000000c5550000, 0x00000000f0000000, 0x00000000f0000000)
   the space 699072K,  24% used [0x00000000c5550000, 0x00000000cfcd4ca8, 0x00000000cfcd4e00, 0x00000000f0000000)
 compacting perm gen  total 69376K, used 69230K [0x00000000f0000000, 0x00000000f43c0000, 0x0000000100000000)
   the space 69376K,  99% used [0x00000000f0000000, 0x00000000f439b980, 0x00000000f439ba00, 0x00000000f43c0000)
No shared spaces configured.
Event: 3042.144 GC heap after
Heap after GC invocations=14 (full 0):
 def new generation   total 314560K, used 10313K [0x00000000b0000000, 0x00000000c5550000, 0x00000000c5550000)
  eden space 279616K,   0% used [0x00000000b0000000, 0x00000000b0000000, 0x00000000c1110000)
  from space 34944K,  29% used [0x00000000c1110000, 0x00000000c1b226c0, 0x00000000c3330000)
  to   space 34944K,   0% used [0x00000000c3330000, 0x00000000c3330000, 0x00000000c5550000)
 tenured generation   total 699072K, used 171539K [0x00000000c5550000, 0x00000000f0000000, 0x00000000f0000000)
   the space 699072K,  24% used [0x00000000c5550000, 0x00000000cfcd4ca8, 0x00000000cfcd4e00, 0x00000000f0000000)
 compacting perm gen  total 69376K, used 69230K [0x00000000f0000000, 0x00000000f43c0000, 0x0000000100000000)
   the space 69376K,  99% used [0x00000000f0000000, 0x00000000f439b980, 0x00000000f439ba00, 0x00000000f43c0000)
No shared spaces configured.
}
Event: 3445.339 GC heap before
{Heap before GC invocations=14 (full 0):
 def new generation   total 314560K, used 200130K [0x00000000b0000000, 0x00000000c5550000, 0x00000000c5550000)
  eden space 279616K,  67% used [0x00000000b0000000, 0x00000000bb95e480, 0x00000000c1110000)
  from space 34944K,  29% used [0x00000000c1110000, 0x00000000c1b226c0, 0x00000000c3330000)
  to   space 34944K,   0% used [0x00000000c3330000, 0x00000000c3330000, 0x00000000c5550000)
 tenured generation   total 699072K, used 171539K [0x00000000c5550000, 0x00000000f0000000, 0x00000000f0000000)
   the space 699072K,  24% used [0x00000000c5550000, 0x00000000cfcd4ca8, 0x00000000cfcd4e00, 0x00000000f0000000)
 compacting perm gen  total 70976K, used 70975K [0x00000000f0000000, 0x00000000f4550000, 0x0000000100000000)
   the space 70976K,  99% used [0x00000000f0000000, 0x00000000f454fff0, 0x00000000f4550000, 0x00000000f4550000)
No shared spaces configured.

Deoptimization events (10 events):
Event: 2840.086 Thread 0x00007fb91c023000 Uncommon trap: reason=bimorphic action=maybe_recompile pc=0x00007fb9212c6a88 method=java.util.AbstractCollection.isEmpty()Z @ 1
Event: 2860.302 Thread 0x00007fb91c023000 Uncommon trap: reason=null_check action=make_not_entrant pc=0x00007fb92138970c method=com.sun.org.apache.xerces.internal.utils.SecuritySupport.getSystemProperty(Ljava/lang/String;)Ljava/lang/String; @ 11
Event: 2922.036 Thread 0x00007fb91c023000 Uncommon trap: reason=bimorphic action=maybe_recompile pc=0x00007fb9214f28dc method=org.apache.ivy.core.resolve.IvyNodeCallers$Caller.canExclude()Z @ 23
Event: 2922.687 Thread 0x00007fb91c023000 Uncommon trap: reason=bimorphic action=maybe_recompile pc=0x00007fb9214d3f60 method=org.apache.ivy.core.resolve.IvyNodeCallers$Caller.canExclude()Z @ 23
Event: 3031.981 Thread 0x00007fb91c023000 Uncommon trap: reason=unreached action=reinterpret pc=0x00007fb92141c3fc method=com.sun.org.apache.xerces.internal.impl.XMLScanner.scanCharReferenceValue(Lcom/sun/org/apache/xerces/internal/util/XMLStringBuffer;Lcom/sun/org/apache/xerces/internal/util/XML
Event: 3061.937 Thread 0x00007fb91c023000 Uncommon trap: reason=class_check action=maybe_recompile pc=0x00007fb921473414 method=java.util.AbstractCollection.toString()Ljava/lang/String; @ 1
Event: 3061.957 Thread 0x00007fb91c023000 Uncommon trap: reason=class_check action=maybe_recompile pc=0x00007fb921473414 method=java.util.AbstractCollection.toString()Ljava/lang/String; @ 1
Event: 3061.959 Thread 0x00007fb91c023000 Uncommon trap: reason=predicate action=maybe_recompile pc=0x00007fb92162e67c method=org.apache.ivy.core.resolve.IvyNodeCallers.doesCallersExclude(Ljava/lang/String;Lorg/apache/ivy/core/module/descriptor/Artifact;Ljava/util/Stack;)Z @ 50
Event: 3061.968 Thread 0x00007fb91c023000 Uncommon trap: reason=unreached action=reinterpret pc=0x00007fb9214dec98 method=org.apache.ivy.core.resolve.IvyNodeEviction.cleanEvicted()V @ 56
Event: 3444.080 Thread 0x00007fb91c023000 Uncommon trap: reason=class_check action=maybe_recompile pc=0x00007fb921473414 method=java.util.AbstractCollection.toString()Ljava/lang/String; @ 1

Internal exceptions (10 events):
Event: 3445.320 Thread 0x00007fb925d07000 Threw 0x00000000bb9102d8 at /HUDSON/workspace/7u-2-build-linux-amd64/jdk7u55/869/hotspot/src/share/vm/prims/jvm.cpp:1244
Event: 3445.322 Thread 0x00007fb925d07000 Threw 0x00000000bb9128c0 at /HUDSON/workspace/7u-2-build-linux-amd64/jdk7u55/869/hotspot/src/share/vm/prims/jvm.cpp:1244
Event: 3445.323 Thread 0x00007fb925d07000 Threw 0x00000000bb915a48 at /HUDSON/workspace/7u-2-build-linux-amd64/jdk7u55/869/hotspot/src/share/vm/prims/jvm.cpp:1244
Event: 3445.325 Thread 0x00007fb925d07000 Threw 0x00000000bb91baa8 at /HUDSON/workspace/7u-2-build-linux-amd64/jdk7u55/869/hotspot/src/share/vm/prims/jvm.cpp:1244
Event: 3445.326 Thread 0x00007fb925d07000 Threw 0x00000000bb91eb90 at /HUDSON/workspace/7u-2-build-linux-amd64/jdk7u55/869/hotspot/src/share/vm/prims/jvm.cpp:1244
Event: 3445.326 Thread 0x00007fb925d07000 Threw 0x00000000bb921df8 at /HUDSON/workspace/7u-2-build-linux-amd64/jdk7u55/869/hotspot/src/share/vm/prims/jvm.cpp:1244
Event: 3445.327 Thread 0x00007fb925d07000 Threw 0x00000000bb92bc00 at /HUDSON/workspace/7u-2-build-linux-amd64/jdk7u55/869/hotspot/src/share/vm/prims/jvm.cpp:1244
Event: 3445.329 Thread 0x00007fb925d07000 Threw 0x00000000bb92f578 at /HUDSON/workspace/7u-2-build-linux-amd64/jdk7u55/869/hotspot/src/share/vm/prims/jvm.cpp:1244
Event: 3445.329 Thread 0x00007fb925d07000 Threw 0x00000000bb931b90 at /HUDSON/workspace/7u-2-build-linux-amd64/jdk7u55/869/hotspot/src/share/vm/prims/jvm.cpp:1244
Event: 3445.336 Thread 0x00007fb925d07000 Threw 0x00000000bb945660 at /HUDSON/workspace/7u-2-build-linux-amd64/jdk7u55/869/hotspot/src/share/vm/prims/jvm.cpp:1244

Events (10 events):
Event: 3445.326 loading class 0x00007fb9244289e0 done
Event: 3445.327 loading class 0x00007fb9240f9520
Event: 3445.327 loading class 0x00007fb9240f9520 done
Event: 3445.329 loading class 0x00007fb9243f5d50
Event: 3445.329 loading class 0x00007fb9243f5d50 done
Event: 3445.329 loading class 0x00007fb9240e16f0
Event: 3445.329 loading class 0x00007fb9240e16f0 done
Event: 3445.335 loading class 0x00007fb9244398c0
Event: 3445.336 loading class 0x00007fb9244398c0 done
Event: 3445.338 Executing VM operation: GenCollectForPermanentAllocation


Dynamic libraries:
00400000-00401000 r-xp 00000000 08:01 398018                             /usr/java/jdk1.7.0_55/bin/java
00600000-00601000 rw-p 00000000 08:01 398018                             /usr/java/jdk1.7.0_55/bin/java
0077c000-0079d000 rw-p 00000000 00:00 0                                  [heap]
b0000000-f4550000 rw-p 00000000 00:00 0 
f4550000-100000000 rw-p 00000000 00:00 0 
7fb902bee000-7fb902bef000 rw-p 00000000 00:00 0 
7fb902bef000-7fb902bf2000 r--s 0000e000 08:01 133473                     /home/vagrant/.ivy2/cache/org.pegdown/pegdown/jars/pegdown-1.4.0.jar
7fb902bf2000-7fb902bf5000 r--s 00014000 08:01 133471                     /home/vagrant/.ivy2/cache/com.typesafe.play/play-doc_2.11/jars/play-doc_2.11-1.1.0.jar
7fb902bf5000-7fb902bf7000 r--s 0000d000 08:01 404237                     /home/vagrant/.ivy2/cache/commons-logging/commons-logging/jars/commons-logging-1.1.1.jar
7fb902bf7000-7fb902bff000 r--s 00040000 08:01 404705                     /home/vagrant/.ivy2/cache/org.apache.httpcomponents/httpclient/jars/httpclient-4.0.1.jar
7fb902bff000-7fb902c04000 r--s 00026000 08:01 404704                     /home/vagrant/.ivy2/cache/org.apache.httpcomponents/httpcore/jars/httpcore-4.0.1.jar
7fb902c04000-7fb902c07000 r--s 00009000 08:01 133382                     /home/vagrant/.ivy2/cache/oauth.signpost/signpost-core/jars/signpost-core-1.2.1.2.jar
7fb902c07000-7fb902c11000 r--s 00077000 08:01 133380                     /home/vagrant/.ivy2/cache/com.ning/async-http-client/jars/async-http-client-1.8.8.jar
7fb902c11000-7fb902c1d000 r--s 00087000 08:01 133342                     /home/vagrant/.ivy2/cache/com.typesafe.play/play-ws_2.11/jars/play-ws_2.11-2.3.2.jar
7fb902c1d000-7fb902c38000 r--s 0012e000 08:01 133378                     /home/vagrant/.ivy2/cache/net.sf.ehcache/ehcache-core/jars/ehcache-core-2.6.8.jar
7fb902c38000-7fb902c3a000 r--s 00009000 08:01 133340                     /home/vagrant/.ivy2/cache/com.typesafe.play/play-cache_2.11/jars/play-cache_2.11-2.3.2.jar
7fb902c3a000-7fb902c42000 r--s 00061000 08:01 133338                     /home/vagrant/.ivy2/cache/com.typesafe.play/anorm_2.11/jars/anorm_2.11-2.3.2.jar
7fb902c42000-7fb902c47000 r--s 0002d000 08:01 133376                     /home/vagrant/.ivy2/cache/tyrex/tyrex/jars/tyrex-1.0.1.jar
7fb902c47000-7fb902c4a000 r--s 00019000 08:01 133374                     /home/vagrant/.ivy2/cache/com.jolbox/bonecp/bundles/bonecp-0.8.0.RELEASE.jar
7fb902c4a000-7fb902c50000 r--s 0002b000 08:01 133336                     /home/vagrant/.ivy2/cache/com.typesafe.play/play-jdbc_2.11/jars/play-jdbc_2.11-2.3.2.jar
7fb902c50000-7fb902c51000 r--s 00003000 08:01 133368                     /home/vagrant/.ivy2/cache/javax.transaction/jta/jars/jta-1.1.jar
7fb902c51000-7fb902c52000 r--s 00003000 08:01 279324                     /home/vagrant/.ivy2/cache/com.typesafe.akka/akka-slf4j_2.11/jars/akka-slf4j_2.11-2.3.4.jar
7fb902c52000-7fb902c77000 r--s 00242000 08:01 279322                     /home/vagrant/.ivy2/cache/com.typesafe.akka/akka-actor_2.11/jars/akka-actor_2.11-2.3.4.jar
7fb902c77000-7fb902c7d000 r--s 0003d000 08:01 133357                     /home/vagrant/.ivy2/cache/ch.qos.logback/logback-classic/jars/logback-classic-1.1.1.jar
7fb902c7d000-7fb902c87000 r--s 0005f000 08:01 133355                     /home/vagrant/.ivy2/cache/ch.qos.logback/logback-core/jars/logback-core-1.1.1.jar
7fb902c87000-7fb902c89000 r--s 00003000 08:01 133353                     /home/vagrant/.ivy2/cache/org.slf4j/jcl-over-slf4j/jars/jcl-over-slf4j-1.7.6.jar
7fb902c89000-7fb902c8a000 r--s 00001000 08:01 133352                     /home/vagrant/.ivy2/cache/org.slf4j/jul-to-slf4j/jars/jul-to-slf4j-1.7.6.jar
7fb902c8a000-7fb902c8c000 r--s 00006000 08:01 133350                     /home/vagrant/.ivy2/cache/org.slf4j/slf4j-api/jars/slf4j-api-1.7.6.jar
7fb902c8c000-7fb902c8d000 r--s 00001000 08:01 133349                     /home/vagrant/.ivy2/cache/com.typesafe.netty/netty-http-pipelining/jars/netty-http-pipelining-1.1.2.jar
7fb902c8d000-7fb902ca6000 r--s 00126000 08:01 133347                     /home/vagrant/.ivy2/cache/io.netty/netty/bundles/netty-3.9.2.Final.jar
7fb902ca6000-7fb902cb1000 r--s 0005c000 08:01 278775                     /home/vagrant/.ivy2/cache/org.scala-lang.modules/scala-parser-combinators_2.11/bundles/scala-parser-combinators_2.11-1.0.1.jar
7fb902cb1000-7fb902cfc000 r--s 003e1000 08:01 404300                     /home/vagrant/.ivy2/cache/org.scala-lang/scala-reflect/jars/scala-reflect-2.11.1.jar
7fb902cfc000-7fb902d0d000 r--s 000cf000 08:01 133366                     /home/vagrant/.ivy2/cache/com.fasterxml.jackson.core/jackson-databind/bundles/jackson-databind-2.3.2.jar
7fb902d0d000-7fb902d10000 r--s 0002e000 08:01 133364                     /home/vagrant/.ivy2/cache/com.fasterxml.jackson.core/jackson-core/bundles/jackson-core-2.3.2.jar
7fb902d10000-7fb902d12000 r--s 00007000 08:01 133365                     /home/vagrant/.ivy2/cache/com.fasterxml.jackson.core/jackson-annotations/bundles/jackson-annotations-2.3.2.jar
7fb902d12000-7fb902d16000 r--s 00015000 08:01 133363                     /home/vagrant/.ivy2/cache/org.joda/joda-convert/jars/joda-convert-1.6.jar
7fb902d16000-7fb902d25000 r--s 0007f000 08:01 133361                     /home/vagrant/.ivy2/cache/joda-time/joda-time/jars/joda-time-2.3.jar
7fb902d25000-7fb902d26000 r--s 00001000 08:01 133372                     /home/vagrant/.ivy2/cache/com.typesafe.play/play-datacommons_2.11/jars/play-datacommons_2.11-2.3.2.jar
7fb902d26000-7fb902d2f000 r--s 00053000 08:01 133370                     /home/vagrant/.ivy2/cache/com.typesafe.play/play-functional_2.11/jars/play-functional_2.11-2.3.2.jar
7fb902d2f000-7fb902d3a000 r--s 0008f000 08:01 133346                     /home/vagrant/.ivy2/cache/com.typesafe.play/play-json_2.11/jars/play-json_2.11-2.3.2.jar
7fb902d3a000-7fb902d43000 r--s 00091000 08:01 133359                     /home/vagrant/.ivy2/cache/org.scala-stm/scala-stm_2.11/jars/scala-stm_2.11-0.7.jar
7fb902d43000-7fb902d55000 r--s 000a1000 08:01 133344                     /home/vagrant/.ivy2/cache/com.typesafe.play/play-iteratees_2.11/jars/play-iteratees_2.11-2.3.2.jar
7fb902d55000-7fb902da1000 r--s 0034c000 08:01 133334                     /home/vagrant/.ivy2/cache/com.typesafe.play/play_2.11/jars/play_2.11-2.3.2.jar
7fb902da1000-7fb902dac000 r--s 00096000 08:01 278773                     /home/vagrant/.ivy2/cache/org.scala-lang.modules/scala-xml_2.11/bundles/scala-xml_2.11-1.0.1.jar
7fb902dac000-7fb902db2000 r--s 00048000 08:01 279321                     /home/vagrant/.ivy2/cache/org.apache.commons/commons-lang3/jars/commons-lang3-3.1.jar
7fb902db2000-7fb902db4000 r--s 0000d000 08:01 133332                     /home/vagrant/.ivy2/cache/com.typesafe.play/twirl-api_2.11/jars/twirl-api_2.11-1.0.2.jar
7fb902db4000-7fb902e0d000 r--s 004f0000 08:01 278759                     /home/vagrant/.ivy2/cache/org.scala-lang/scala-library/jars/scala-library-2.11.1.jar
7fb902e0d000-7fb902e44000 r--s 006ef000 08:01 133469                     /home/vagrant/.ivy2/cache/com.typesafe.play/play-docs_2.11/jars/play-docs_2.11-2.3.2.jar
7fb902e44000-7fb902e47000 ---p 00000000 00:00 0 
7fb902e47000-7fb902f45000 rw-p 00000000 00:00 0 
7fb902f45000-7fb902f48000 ---p 00000000 00:00 0 
7fb902f48000-7fb903046000 rw-p 00000000 00:00 0 
7fb903046000-7fb903049000 ---p 00000000 00:00 0 
7fb903049000-7fb903147000 rw-p 00000000 00:00 0 
7fb903147000-7fb90314a000 ---p 00000000 00:00 0 
7fb90314a000-7fb903248000 rw-p 00000000 00:00 0 
7fb903248000-7fb90324b000 ---p 00000000 00:00 0 
7fb90324b000-7fb903349000 rw-p 00000000 00:00 0 
7fb903349000-7fb90334a000 r--s 00001000 08:01 132922                     /home/vagrant/.ivy2/cache/org.webjars/diff/jars/diff-1.0.7.jar
7fb90334a000-7fb90334c000 r--s 00000000 08:01 132920                     /home/vagrant/.ivy2/cache/org.webjars/debug/jars/debug-0.7.4.jar
7fb90334c000-7fb90334f000 r--s 0000c000 08:01 132918                     /home/vagrant/.ivy2/cache/org.webjars/mocha/jars/mocha-1.17.1.jar
7fb90334f000-7fb903353000 r--s 0001e000 08:01 132654                     /home/vagrant/.ivy2/cache/scala_2.10/sbt_0.13/com.typesafe.sbt/sbt-mocha/jars/sbt-mocha-1.0.0.jar
7fb903353000-7fb903355000 r--s 00004000 08:01 132652                     /home/vagrant/.ivy2/cache/scala_2.10/sbt_0.13/com.typesafe.sbt/sbt-digest/jars/sbt-digest-1.0.0.jar
7fb903355000-7fb903356000 r--s 00034000 08:01 132916                     /home/vagrant/.ivy2/cache/org.webjars/rjs/jars/rjs-2.1.11-1-trireme.jar
7fb903356000-7fb903358000 r--s 0000f000 08:01 132650                     /home/vagrant/.ivy2/cache/scala_2.10/sbt_0.13/com.typesafe.sbt/sbt-rjs/jars/sbt-rjs-1.0.1.jar
7fb903358000-7fb90335a000 r--s 00000000 08:01 132914                     /home/vagrant/.ivy2/cache/org.webjars/console-browserify/jars/console-browserify-0.1.6-1.jar
7fb90335a000-7fb90335c000 r--s 00006000 08:01 132912                     /home/vagrant/.ivy2/cache/org.webjars/underscorejs/jars/underscorejs-1.5.2-2.jar
7fb90335c000-7fb90335d000 r--s 00027000 08:01 132910                     /home/vagrant/.ivy2/cache/org.webjars/jshint-node/jars/jshint-node-2.4.1-1.jar
7fb90335d000-7fb90335e000 r--s 00004000 08:01 132648                     /home/vagrant/.ivy2/cache/scala_2.10/sbt_0.13/com.typesafe.sbt/sbt-jshint/jars/sbt-jshint-1.0.0.jar
7fb90335e000-7fb90335f000 r--s 00001000 08:01 132908                     /home/vagrant/.ivy2/cache/org.webjars/amdefine/jars/amdefine-0.1.0-1.jar
7fb90335f000-7fb903360000 r--s 00005000 08:01 132906                     /home/vagrant/.ivy2/cache/org.webjars/source-map/jars/source-map-0.1.31-2.jar
7fb903360000-7fb903362000 r--s 00013000 08:01 132904                     /home/vagrant/.ivy2/cache/org.webjars/less-node/jars/less-node-1.6.0-1.jar
7fb903362000-7fb903364000 r--s 00007000 08:01 132646                     /home/vagrant/.ivy2/cache/scala_2.10/sbt_0.13/com.typesafe.sbt/sbt-less/jars/sbt-less-1.0.0.jar
7fb903364000-7fb903366000 r--s 00000000 08:01 132902                     /home/vagrant/.ivy2/cache/org.webjars/mkdirp/jars/mkdirp-0.3.5.jar
7fb903366000-7fb903368000 r--s 00013000 08:01 132900                     /home/vagrant/.ivy2/cache/org.webjars/coffee-script-node/jars/coffee-script-node-1.7.1.jar
7fb903368000-7fb90336a000 r--s 00003000 08:01 132644                     /home/vagrant/.ivy2/cache/scala_2.10/sbt_0.13/com.typesafe.sbt/sbt-coffeescript/jars/sbt-coffeescript-1.0.0.jar
7fb90336a000-7fb90336c000 r--s 00016000 08:01 132898                     /home/vagrant/.ivy2/cache/org.eclipse.jetty/jetty-http/jars/jetty-http-8.1.14.v20131031.jar
7fb90336c000-7fb90336f000 r--s 00017000 08:01 132896                     /home/vagrant/.ivy2/cache/org.eclipse.jetty/jetty-io/jars/jetty-io-8.1.14.v20131031.jar
7fb90336f000-7fb903374000 r--s 00042000 08:01 132894                     /home/vagrant/.ivy2/cache/org.eclipse.jetty/jetty-util/jars/jetty-util-8.1.14.v20131031.jar
7fb903374000-7fb903377000 r--s 0001d000 08:01 132886                     /home/vagrant/.ivy2/cache/org.eclipse.jetty/jetty-websocket/jars/jetty-websocket-8.1.14.v20131031.jar
7fb903377000-7fb903378000 r--s 00003000 08:01 132892                     /home/vagrant/.ivy2/cache/org.w3c.css/sac/jars/sac-1.3.jar
7fb903378000-7fb90337c000 r--s 00053000 08:01 132884                     /home/vagrant/.ivy2/cache/net.sourceforge.cssparser/cssparser/jars/cssparser-0.9.13.jar
7fb90337c000-7fb90337f000 r--s 0001c000 08:01 132882                     /home/vagrant/.ivy2/cache/net.sourceforge.nekohtml/nekohtml/jars/nekohtml-1.9.20.jar
7fb90337f000-7fb903388000 r--s 0002d000 08:01 132890                     /home/vagrant/.ivy2/cache/xml-apis/xml-apis/jars/xml-apis-1.4.01.jar
7fb903388000-7fb9033a1000 r--s 00135000 08:01 132880                     /home/vagrant/.ivy2/cache/xerces/xercesImpl/jars/xercesImpl-2.11.0.jar
7fb9033a1000-7fb9033af000 r--s 000ed000 08:01 132878                     /home/vagrant/.ivy2/cache/net.sourceforge.htmlunit/htmlunit-core-js/jars/htmlunit-core-js-2.14.jar
7fb9033af000-7fb9033b6000 r--s 0003a000 08:01 404675                     /home/vagrant/.ivy2/cache/commons-codec/commons-codec/jars/commons-codec-1.9.jar
7fb9033b6000-7fb9033b8000 r--s 00008000 08:01 279144                     /home/vagrant/.ivy2/cache/org.apache.httpcomponents/httpmime/jars/httpmime-4.3.2.jar
7fb9033b8000-7fb9033ba000 r--s 0000e000 08:01 404676                     /home/vagrant/.ivy2/cache/commons-logging/commons-logging/jars/commons-logging-1.1.3.jar
7fb9033ba000-7fb9033c0000 r--s 0003f000 08:01 404677                     /home/vagrant/.ivy2/cache/org.apache.httpcomponents/httpcore/jars/httpcore-4.3.1.jar
7fb9033c0000-7fb9033cc000 r--s 00084000 08:01 404674                     /home/vagrant/.ivy2/cache/org.apache.httpcomponents/httpclient/jars/httpclient-4.3.2.jar
7fb9033cc000-7fb9033d3000 r--s 00058000 08:01 279142                     /home/vagrant/.ivy2/cache/org.apache.commons/commons-lang3/jars/commons-lang3-3.2.1.jar
7fb9033d3000-7fb9033e1000 r--s 0007f000 08:01 132876                     /home/vagrant/.ivy2/cache/commons-collections/commons-collections/jars/commons-collections-3.2.1.jar
7fb9033e1000-7fb9033e4000 r--s 00041000 08:01 132888                     /home/vagrant/.ivy2/cache/xalan/serializer/jars/serializer-2.7.1.jar
7fb9033e4000-7fb903409000 r--s 002e3000 08:01 132874                     /home/vagrant/.ivy2/cache/xalan/xalan/jars/xalan-2.7.1.jar
7fb903409000-7fb903423000 r--s 00147000 08:01 132860                     /home/vagrant/.ivy2/cache/net.sourceforge.htmlunit/htmlunit/jars/htmlunit-2.14.jar
7fb903423000-7fb903425000 r--s 0000e000 08:01 132872                     /home/vagrant/.ivy2/cache/org.jvnet.mimepull/mimepull/jars/mimepull-1.9.4.jar
7fb903425000-7fb90342f000 r--s 00067000 08:01 132866                     /home/vagrant/.ivy2/cache/io.spray/spray-httpx/bundles/spray-httpx-1.3.1.jar
7fb90342f000-7fb90344d000 r--s 00158000 08:01 132864                     /home/vagrant/.ivy2/cache/io.spray/spray-http/bundles/spray-http-1.3.1.jar
7fb90344d000-7fb903450000 r--s 0001d000 08:01 132868                     /home/vagrant/.ivy2/cache/io.spray/spray-util/bundles/spray-util-1.3.1.jar
7fb903450000-7fb903455000 r--s 0002b000 08:01 132870                     /home/vagrant/.ivy2/cache/io.spray/spray-io/bundles/spray-io-1.3.1.jar
7fb903455000-7fb903461000 r--s 000a7000 08:01 132862                     /home/vagrant/.ivy2/cache/io.spray/spray-can/bundles/spray-can-1.3.1.jar
7fb903461000-7fb903463000 r--s 0000a000 08:01 132858                     /home/vagrant/.ivy2/cache/io.spray/spray-client/bundles/spray-client-1.3.1.jar
7fb903463000-7fb903466000 r--s 0001c000 08:01 279140                     /home/vagrant/.ivy2/cache/com.typesafe/webdriver_2.10/jars/webdriver_2.10-1.0.0.jar
7fb903466000-7fb903467000 r--s 00004000 08:01 132694                     /home/vagrant/.ivy2/cache/scala_2.10/sbt_0.13/com.typesafe.sbt/sbt-webdriver/jars/sbt-webdriver-1.0.0.jar
7fb903467000-7fb90346d000 r--s 00037000 08:01 132808                     /home/vagrant/.ivy2/cache/scala_2.10/sbt_0.13/com.typesafe.sbt/sbt-web/jars/sbt-web-1.0.2.jar
7fb90346d000-7fb903470000 r--s 0002e000 08:01 132856                     /home/vagrant/.ivy2/cache/com.fasterxml.jackson.core/jackson-core/bundles/jackson-core-2.3.3.jar
7fb903470000-7fb903472000 r--s 00007000 08:01 132854                     /home/vagrant/.ivy2/cache/com.fasterxml.jackson.core/jackson-annotations/bundles/jackson-annotations-2.3.0.jar
7fb903472000-7fb903483000 r--s 000cf000 08:01 132852                     /home/vagrant/.ivy2/cache/com.fasterxml.jackson.core/jackson-databind/bundles/jackson-databind-2.3.3.jar
7fb903483000-7fb903485000 r--s 00005000 08:01 132850                     /home/vagrant/.ivy2/cache/org.webjars/webjars-locator/jars/webjars-locator-0.14.jar
7fb903485000-7fb9034ad000 r--s 00196000 08:01 132848                     /home/vagrant/.ivy2/cache/org.webjars/npm/jars/npm-1.3.26.jar
7fb9034ad000-7fb9034ae000 r--s 00001000 08:01 279128                     /home/vagrant/.ivy2/cache/com.typesafe/npm_2.10/jars/npm_2.10-1.0.0.jar
7fb9034ae000-7fb9034af000 r--s 00002000 08:01 132816                     /home/vagrant/.ivy2/cache/org.slf4j/slf4j-simple/jars/slf4j-simple-1.7.7.jar
7fb9034af000-7fb9034b4000 r--s 00029000 08:01 132846                     /home/vagrant/.ivy2/cache/org.parboiled/parboiled-core/bundles/parboiled-core-1.1.6.jar
7fb9034b4000-7fb9034b9000 r--s 00036000 08:01 132844                     /home/vagrant/.ivy2/cache/org.parboiled/parboiled-scala_2.10/bundles/parboiled-scala_2.10-1.1.6.jar
7fb9034b9000-7fb9034bf000 r--s 00049000 08:01 132814                     /home/vagrant/.ivy2/cache/io.spray/spray-json_2.10/bundles/spray-json_2.10-1.2.6.jar
7fb9034bf000-7fb9034c1000 r--s 00066000 08:01 132812                     /home/vagrant/.ivy2/cache/io.apigee.trireme/trireme-node10src/jars/trireme-node10src-0.7.5.jar
7fb9034c1000-7fb9034c9000 r--s 0005a000 08:01 132810                     /home/vagrant/.ivy2/cache/io.apigee.trireme/trireme-core/jars/trireme-core-0.7.5.jar
7fb9034c9000-7fb9034ca000 r--s 0001e000 08:01 132840                     /home/vagrant/.ivy2/cache/org.fusesource.leveldbjni/leveldbjni-win64/jars/leveldbjni-win64-1.5.jar
7fb9034ca000-7fb9034cb000 r--s 0001b000 08:01 132838                     /home/vagrant/.ivy2/cache/org.fusesource.leveldbjni/leveldbjni-win32/jars/leveldbjni-win32-1.5.jar
7fb9034cb000-7fb9034cc000 r--s 00044000 08:01 132836                     /home/vagrant/.ivy2/cache/org.fusesource.leveldbjni/leveldbjni-linux64/jars/leveldbjni-linux64-1.5.jar
7fb9034cc000-7fb9034cd000 r--s 00044000 08:01 132834                     /home/vagrant/.ivy2/cache/org.fusesource.leveldbjni/leveldbjni-linux32/jars/leveldbjni-linux32-1.5.jar
7fb9034cd000-7fb9034ce000 r--s 00028000 08:01 132832                     /home/vagrant/.ivy2/cache/org.fusesource.leveldbjni/leveldbjni-osx/jars/leveldbjni-osx-1.5.jar
7fb9034ce000-7fb9034cf000 r--s 00004000 08:01 132842                     /home/vagrant/.ivy2/cache/org.fusesource.hawtjni/hawtjni-runtime/jars/hawtjni-runtime-1.8.jar
7fb9034cf000-7fb9034d1000 r--s 0000c000 08:01 132830                     /home/vagrant/.ivy2/cache/org.fusesource.leveldbjni/leveldbjni/jars/leveldbjni-1.7.jar
7fb9034d1000-7fb9034d4000 r--s 000fa000 08:01 132826                     /home/vagrant/.ivy2/cache/org.fusesource.leveldbjni/leveldbjni-all/bundles/leveldbjni-all-1.7.jar
7fb9034d4000-7fb9034d6000 r--s 00001000 08:01 132828                     /home/vagrant/.ivy2/cache/org.iq80.leveldb/leveldb-api/jars/leveldb-api-0.5.jar
7fb9034d6000-7fb9034da000 r--s 00034000 08:01 132824                     /home/vagrant/.ivy2/cache/org.iq80.leveldb/leveldb/jars/leveldb-0.5.jar
7fb9034da000-7fb9034e5000 r--s 000a0000 08:01 279138                     /home/vagrant/.ivy2/cache/com.typesafe.akka/akka-persistence-experimental_2.10/jars/akka-persistence-experimental_2.10-2.3.2.jar
7fb9034e5000-7fb9034f5000 r--s 000f4000 08:01 279136                     /home/vagrant/.ivy2/cache/com.typesafe.akka/akka-cluster_2.10/jars/akka-cluster_2.10-2.3.2.jar
7fb9034f5000-7fb9034f7000 r--s 0000a000 08:01 132822                     /home/vagrant/.ivy2/cache/org.uncommons.maths/uncommons-maths/jars/uncommons-maths-1.2.2a.jar
7fb9034f7000-7fb9034ff000 r--s 0007b000 08:01 132820                     /home/vagrant/.ivy2/cache/com.google.protobuf/protobuf-java/bundles/protobuf-java-2.5.0.jar
7fb9034ff000-7fb903517000 r--s 00115000 08:01 132818                     /home/vagrant/.ivy2/cache/io.netty/netty/bundles/netty-3.8.0.Final.jar
7fb903517000-7fb90352d000 r--s 00131000 08:01 279134                     /home/vagrant/.ivy2/cache/com.typesafe.akka/akka-remote_2.10/jars/akka-remote_2.10-2.3.2.jar
7fb90352d000-7fb90353b000 r--s 000b3000 08:01 279132                     /home/vagrant/.ivy2/cache/com.typesafe.akka/akka-contrib_2.10/jars/akka-contrib_2.10-2.3.2.jar
7fb90353b000-7fb903560000 r--s 0024a000 08:01 279130                     /home/vagrant/.ivy2/cache/com.typesafe.akka/akka-actor_2.10/jars/akka-actor_2.10-2.3.2.jar
7fb903560000-7fb903564000 r--s 00021000 08:01 279126                     /home/vagrant/.ivy2/cache/com.typesafe/jse_2.10/jars/jse_2.10-1.0.0.jar
7fb903564000-7fb903568000 r--s 0001f000 08:01 132692                     /home/vagrant/.ivy2/cache/scala_2.10/sbt_0.13/com.typesafe.sbt/sbt-js-engine/jars/sbt-js-engine-1.0.1.jar
7fb903568000-7fb90356a000 r--s 00003000 08:01 132690                     /home/vagrant/.ivy2/cache/org.slf4j/jcl-over-slf4j/jars/jcl-over-slf4j-1.7.7.jar
7fb90356a000-7fb90356b000 r--s 00001000 08:01 132688                     /home/vagrant/.ivy2/cache/org.slf4j/slf4j-jdk14/jars/slf4j-jdk14-1.7.7.jar
7fb90356b000-7fb90356c000 r--s 00003000 08:01 132794                     /home/vagrant/.ivy2/cache/org.apache.maven.wagon/wagon-ssh-external/jars/wagon-ssh-external-1.0-beta-6.jar
7fb90356c000-7fb90356e000 r--s 00006000 08:01 132684                     /home/vagrant/.ivy2/cache/org.slf4j/slf4j-api/jars/slf4j-api-1.7.7.jar
7fb90356e000-7fb90356f000 r--s 00000000 08:01 132686                     /home/vagrant/.ivy2/cache/org.slf4j/slf4j-nop/jars/slf4j-nop-1.7.7.jar
7fb90356f000-7fb903574000 r--s 0002d000 08:01 132800                     /home/vagrant/.ivy2/cache/org.apache.jackrabbit/jackrabbit-jcr-commons/bundles/jackrabbit-jcr-commons-1.5.0.jar
7fb903574000-7fb90357a000 r--s 00044000 08:01 132798                     /home/vagrant/.ivy2/cache/org.apache.jackrabbit/jackrabbit-webdav/jars/jackrabbit-webdav-1.5.0.jar
7fb90357a000-7fb90357c000 r--s 00003000 08:01 132792                     /home/vagrant/.ivy2/cache/org.apache.maven.wagon/wagon-webdav-jackrabbit/jars/wagon-webdav-jackrabbit-1.0-beta-6.jar
7fb90357c000-7fb903582000 r--s 00045000 08:01 132796                     /home/vagrant/.ivy2/cache/commons-httpclient/commons-httpclient/jars/commons-httpclient-3.1.jar
7fb903582000-7fb903583000 r--s 00002000 08:01 132790                     /home/vagrant/.ivy2/cache/org.apache.maven.wagon/wagon-file/jars/wagon-file-1.0-beta-6.jar
7fb903583000-7fb9035c1000 r--s 0025e000 08:01 132806                     /home/vagrant/.ivy2/cache/org.bouncycastle/bcprov-jdk15on/jars/bcprov-jdk15on-1.50.jar
7fb9035c1000-7fb9035c8000 r--s 00039000 08:01 132726                     /home/vagrant/.ivy2/cache/org.bouncycastle/bcpg-jdk15on/jars/bcpg-jdk15on-1.50.jar
7fb9035c8000-7fb9035c9000 r--s 00004000 08:01 132804                     /home/vagrant/.ivy2/cache/org.apache.ant/ant-launcher/jars/ant-launcher-1.9.3.jar
7fb9035c9000-7fb9035e8000 r--s 001cc000 08:01 132724                     /home/vagrant/.ivy2/cache/org.apache.ant/ant/jars/ant-1.9.3.jar
7fb9035e8000-7fb9035ea000 r--s 00002000 08:01 132788                     /home/vagrant/.ivy2/cache/org.sonatype.plexus/plexus-cipher/jars/plexus-cipher-1.4.jar
7fb9035ea000-7fb9035eb000 r--s 00006000 08:01 132764                     /home/vagrant/.ivy2/cache/org.sonatype.plexus/plexus-sec-dispatcher/jars/plexus-sec-dispatcher-1.3.jar
7fb9035eb000-7fb9035ed000 r--s 00009000 08:01 132926                     /home/vagrant/.ivy2/cache/org.codehaus.plexus/plexus-classworlds/jars/plexus-classworlds-1.2-alpha-7.jar
7fb9035ed000-7fb9035f0000 r--s 00006000 08:01 132924                     /home/vagrant/.ivy2/cache/org.codehaus.plexus/plexus-component-api/jars/plexus-component-api-1.0-alpha-16.jar
7fb9035f0000-7fb9035f1000 r--s 00002000 08:01 132786                     /home/vagrant/.ivy2/cache/org.codehaus.plexus/plexus-interactivity-api/jars/plexus-interactivity-api-1.0-alpha-6.jar
7fb9035f1000-7fb9035f3000 r--s 00005000 08:01 132785                     /home/vagrant/.ivy2/cache/org.apache.maven.wagon/wagon-ssh-common/jars/wagon-ssh-common-1.0-beta-6.jar
7fb9035f3000-7fb9035f6000 r--s 00029000 08:01 132783                     /home/vagrant/.ivy2/cache/com.jcraft/jsch/jars/jsch-0.1.38.jar
7fb9035f6000-7fb9035f7000 r--s 00006000 08:01 132760                     /home/vagrant/.ivy2/cache/org.apache.maven.wagon/wagon-ssh/jars/wagon-ssh-1.0-beta-6.jar
7fb9035f7000-7fb9035f8000 r--s 00002000 08:01 132758                     /home/vagrant/.ivy2/cache/org.apache.maven/maven-monitor/jars/maven-monitor-2.2.1.jar
7fb9035f8000-7fb9035fa000 r--s 00008000 08:01 132752                     /home/vagrant/.ivy2/cache/org.apache.maven/maven-plugin-descriptor/jars/maven-plugin-descriptor-2.2.1.jar
7fb9035fa000-7fb9035fc000 r--s 00002000 08:01 132716                     /home/vagrant/.ivy2/cache/org.apache.maven/maven-plugin-api/jars/maven-plugin-api-2.2.1.jar
7fb9035fc000-7fb9035fe000 r--s 00009000 08:01 132750                     /home/vagrant/.ivy2/cache/commons-cli/commons-cli/jars/commons-cli-1.2.jar
7fb9035fe000-7fb903600000 r--s 00006000 08:01 132780                     /home/vagrant/.ivy2/cache/org.apache.maven/maven-plugin-registry/jars/maven-plugin-registry-2.2.1.jar
7fb903600000-7fb903608000 r--s 00049000 08:01 132782                     /home/vagrant/.ivy2/cache/backport-util-concurrent/backport-util-concurrent/jars/backport-util-concurrent-3.1.jar
7fb903608000-7fb90360a000 r--s 0000f000 08:01 132756                     /home/vagrant/.ivy2/cache/org.apache.maven/maven-artifact-manager/jars/maven-artifact-manager-2.2.1.jar
7fb90360a000-7fb90360e000 r--s 00023000 08:01 132718                     /home/vagrant/.ivy2/cache/org.apache.maven/maven-project/jars/maven-project-2.2.1.jar
7fb90360e000-7fb903610000 r--s 00002000 08:01 132748                     /home/vagrant/.ivy2/cache/org.apache.maven/maven-error-diagnostics/jars/maven-error-diagnostics-2.2.1.jar
7fb903610000-7fb903612000 r--s 00005000 08:01 132746                     /home/vagrant/.ivy2/cache/org.apache.maven/maven-repository-metadata/jars/maven-repository-metadata-2.2.1.jar
7fb903612000-7fb903615000 r--s 00011000 08:01 132720                     /home/vagrant/.ivy2/cache/org.apache.maven/maven-artifact/jars/maven-artifact-2.2.1.jar
7fb903615000-7fb903617000 r--s 00007000 08:01 132738                     /home/vagrant/.ivy2/cache/org.apache.maven/maven-profile/jars/maven-profile-2.2.1.jar
7fb903617000-7fb903618000 r--s 00002000 08:01 132778                     /home/vagrant/.ivy2/cache/org.apache.maven.doxia/doxia-logging-api/jars/doxia-logging-api-1.1.jar
7fb903618000-7fb90361a000 r--s 00002000 08:01 132776                     /home/vagrant/.ivy2/cache/org.apache.maven.doxia/doxia-sink-api/jars/doxia-sink-api-1.1.jar
7fb90361a000-7fb90361b000 r--s 00002000 08:01 132736                     /home/vagrant/.ivy2/cache/org.apache.maven.reporting/maven-reporting-api/jars/maven-reporting-api-2.2.1.jar
7fb90361b000-7fb90361c000 r--s 00002000 08:01 132734                     /home/vagrant/.ivy2/cache/org.apache.maven.wagon/wagon-http/jars/wagon-http-1.0-beta-6.jar
7fb90361c000-7fb90361e000 r--s 0000b000 08:01 132742                     /home/vagrant/.ivy2/cache/org.apache.maven.wagon/wagon-provider-api/jars/wagon-provider-api-1.0-beta-6.jar
7fb90361e000-7fb903621000 r--s 00019000 08:01 132774                     /home/vagrant/.ivy2/cache/nekohtml/nekohtml/jars/nekohtml-1.9.6.2.jar
7fb903621000-7fb903623000 r--s 00008000 08:01 132772                     /home/vagrant/.ivy2/cache/nekohtml/xercesMinimal/jars/xercesMinimal-1.9.6.2.jar
7fb903623000-7fb903625000 r--s 00005000 08:01 132770                     /home/vagrant/.ivy2/cache/org.apache.maven.wagon/wagon-http-shared/jars/wagon-http-shared-1.0-beta-6.jar
7fb903625000-7fb903626000 r--s 00003000 08:01 132732                     /home/vagrant/.ivy2/cache/org.apache.maven.wagon/wagon-http-lightweight/jars/wagon-http-lightweight-1.0-beta-6.jar
7fb903626000-7fb903628000 r--s 00004000 08:01 132730                     /home/vagrant/.ivy2/cache/org.apache.maven/maven-plugin-parameter-documenter/jars/maven-plugin-parameter-documenter-2.2.1.jar
7fb903628000-7fb90362a000 r--s 00008000 08:01 132762                     /home/vagrant/.ivy2/cache/classworlds/classworlds/jars/classworlds-1.1.jar
7fb90362a000-7fb90362d000 r--s 0001b000 08:01 132768                     /home/vagrant/.ivy2/cache/junit/junit/jars/junit-3.8.1.jar
7fb90362d000-7fb903634000 r--s 00029000 08:01 132744                     /home/vagrant/.ivy2/cache/org.codehaus.plexus/plexus-container-default/jars/plexus-container-default-1.0-alpha-9-stable-1.jar
7fb903634000-7fb903636000 r--s 0000b000 08:01 132766                     /home/vagrant/.ivy2/cache/org.codehaus.plexus/plexus-interpolation/jars/plexus-interpolation-1.11.jar
7fb903636000-7fb90363a000 r--s 00034000 08:01 132722                     /home/vagrant/.ivy2/cache/org.codehaus.plexus/plexus-utils/jars/plexus-utils-1.5.15.jar
7fb90363a000-7fb90363c000 r--s 00014000 08:01 132740                     /home/vagrant/.ivy2/cache/org.apache.maven/maven-model/jars/maven-model-2.2.1.jar
7fb90363c000-7fb90363d000 r--s 0000b000 08:01 132728                     /home/vagrant/.ivy2/cache/org.apache.maven/maven-settings/jars/maven-settings-2.2.1.jar
7fb90363d000-7fb903641000 r--s 00028000 08:01 132714                     /home/vagrant/.ivy2/cache/org.apache.maven/maven-core/jars/maven-core-2.2.1.jar
7fb903641000-7fb903645000 r--s 00015000 08:01 279124                     /home/vagrant/.ivy2/cache/org.tukaani/xz/jars/xz-1.4.jar
7fb903645000-7fb90364c000 r--s 00050000 08:01 279123                     /home/vagrant/.ivy2/cache/org.apache.commons/commons-compress/jars/commons-compress-1.7.jar
7fb90364c000-7fb903650000 r--s 0002a000 08:01 132712                     /home/vagrant/.ivy2/cache/commons-io/commons-io/jars/commons-io-2.4.jar
7fb903650000-7fb903666000 r--s 000f0000 08:01 132710                     /home/vagrant/.ivy2/cache/org.vafer/jdeb/jars/jdeb-1.2.jar
7fb903666000-7fb90367b000 r--s 000c5000 08:01 132682                     /home/vagrant/.ivy2/cache/scala_2.10/sbt_0.13/com.typesafe.sbt/sbt-native-packager/jars/sbt-native-packager-0.7.2.jar
7fb90367b000-7fb903683000 r--s 0004b000 08:01 132680                     /home/vagrant/.ivy2/cache/scala_2.10/sbt_0.13/com.github.mpeltonen/sbt-idea/jars/sbt-idea-1.5.1.jar
7fb903683000-7fb90368d000 r--s 0005f000 08:01 132708                     /home/vagrant/.ivy2/cache/org.scalaz/scalaz-effect_2.10/bundles/scalaz-effect_2.10-7.0.2.jar
7fb90368d000-7fb90373a000 r--s 00786000 08:01 132706                     /home/vagrant/.ivy2/cache/org.scalaz/scalaz-core_2.10/bundles/scalaz-core_2.10-7.0.2.jar
7fb90373a000-7fb903741000 r--s 0003b000 08:01 132704                     /home/vagrant/.ivy2/cache/scala_2.10/sbt_0.13/com.typesafe.sbteclipse/sbteclipse-core/jars/sbteclipse-core-2.4.0.jar
7fb903741000-7fb903743000 r--s 00001000 08:01 132678                     /home/vagrant/.ivy2/cache/scala_2.10/sbt_0.13/com.typesafe.sbteclipse/sbteclipse-plugin/jars/sbteclipse-plugin-2.4.0.jar
7fb903743000-7fb90374b000 r--s 00041000 08:01 132702                     /home/vagrant/.ivy2/cache/com.typesafe.play/twirl-parser_2.10/jars/twirl-parser_2.10-1.0.2.jar
7fb90374b000-7fb90374d000 r--s 0000d000 08:01 132700                     /home/vagrant/.ivy2/cache/com.typesafe.play/twirl-api_2.10/jars/twirl-api_2.10-1.0.2.jar
7fb90374d000-7fb903750000 r--s 00017000 08:01 132698                     /home/vagrant/.ivy2/cache/com.typesafe.play/twirl-compiler_2.10/jars/twirl-compiler_2.10-1.0.2.jar
7fb903750000-7fb903753000 r--s 00010000 08:01 132676                     /home/vagrant/.ivy2/cache/scala_2.10/sbt_0.13/com.typesafe.sbt/sbt-twirl/jars/sbt-twirl-1.0.2.jar
7fb903753000-7fb903756000 r--s 0009f000 08:01 132674                     /home/vagrant/.ivy2/cache/net.contentobjects.jnotify/jnotify/jars/jnotify-0.94.jar
7fb903756000-7fb903763000 r--s 00183000 08:01 132670                     /home/vagrant/.ivy2/cache/com.h2database/h2/jars/h2-1.3.175.jar
7fb903763000-7fb903766000 r--s 0002a000 08:01 132668                     /home/vagrant/.ivy2/cache/org.avaje.ebeanorm/avaje-ebeanorm-agent/jars/avaje-ebeanorm-agent-3.2.2.jar
7fb903766000-7fb903768000 r--s 0000a000 08:01 132696                     /home/vagrant/.ivy2/cache/org.json/json/jars/json-20090211.jar
7fb903768000-7fb903793000 r--s 001f5000 08:01 132666                     /home/vagrant/.ivy2/cache/com.google.guava/guava/bundles/guava-16.0.1.jar
7fb903793000-7fb9037c6000 r--s 00332000 08:01 132664                     /home/vagrant/.ivy2/cache/com.google.javascript/closure-compiler/jars/closure-compiler-v20130603.jar
7fb9037c6000-7fb9037d3000 r--s 00109000 08:01 132662                     /home/vagrant/.ivy2/cache/org.mozilla/rhino/jars/rhino-1.7R4.jar
7fb9037d3000-7fb9037d7000 r--s 00032000 08:01 278801                     /home/vagrant/.ivy2/cache/com.typesafe/config/bundles/config-1.2.1.jar
7fb9037d7000-7fb9037e4000 r--s 00064000 08:01 132660                     /home/vagrant/.ivy2/cache/com.typesafe.play/routes-compiler_2.10/jars/routes-compiler_2.10-2.3.2.jar
7fb9037e4000-7fb9037ee000 r--s 000a5000 08:01 132672                     /home/vagrant/.ivy2/cache/org.javassist/javassist/bundles/javassist-3.18.2-GA.jar
7fb9037ee000-7fb9037f0000 r--s 00000000 08:01 132658                     /home/vagrant/.ivy2/cache/com.typesafe.play/play-exceptions/jars/play-exceptions-2.3.2.jar
7fb9037f0000-7fb903800000 r--s 000e3000 08:01 132642                     /home/vagrant/.ivy2/cache/scala_2.10/sbt_0.13/com.typesafe.play/sbt-plugin/jars/sbt-plugin-2.3.2.jar
7fb903800000-7fb903803000 ---p 00000000 00:00 0 
7fb903803000-7fb903901000 rw-p 00000000 00:00 0 
7fb903901000-7fb903904000 ---p 00000000 00:00 0 
7fb903904000-7fb903a02000 rw-p 00000000 00:00 0 
7fb903a02000-7fb903a05000 ---p 00000000 00:00 0 
7fb903a05000-7fb903b03000 rw-p 00000000 00:00 0 
7fb903b03000-7fb903b06000 ---p 00000000 00:00 0 
7fb903b06000-7fb903c04000 rw-p 00000000 00:00 0 
7fb903c04000-7fb903c06000 r--s 0000f000 08:01 398326                     /usr/java/jdk1.7.0_55/jre/lib/ext/zipfs.jar
7fb903c06000-7fb903c0a000 r--s 00036000 08:01 398325                     /usr/java/jdk1.7.0_55/jre/lib/ext/sunpkcs11.jar
7fb903c0a000-7fb903c0d000 r--s 0002d000 08:01 398324                     /usr/java/jdk1.7.0_55/jre/lib/ext/sunjce_provider.jar
7fb903c0d000-7fb903c0f000 r--s 00001000 08:01 398320                     /usr/java/jdk1.7.0_55/jre/lib/ext/dnsns.jar
7fb903c0f000-7fb903c13000 r--s 000f7000 08:01 403427                     /usr/java/jdk1.7.0_55/jre/lib/ext/localedata.jar
7fb903c13000-7fb903c14000 r--s 00003000 08:01 398323                     /usr/java/jdk1.7.0_55/jre/lib/ext/sunec.jar
7fb903c14000-7fb903c19000 r--s 0003a000 08:01 398370                     /usr/java/jdk1.7.0_55/jre/lib/jfr.jar
7fb903c19000-7fb903c24000 r--s 0037c000 08:01 398374                     /usr/java/jdk1.7.0_55/jre/lib/charsets.jar
7fb903c24000-7fb903c27000 r--s 00018000 08:01 398367                     /usr/java/jdk1.7.0_55/jre/lib/jce.jar
7fb903c27000-7fb903c2a000 ---p 00000000 00:00 0 
7fb903c2a000-7fb903c60000 rw-p 00000000 00:00 0 
7fb903c60000-7fb903c62000 r--s 0000b000 08:01 404618                     /home/vagrant/.sbt/boot/scala-2.10.4/org.scala-sbt/sbt/0.13.5/xsbti/interface-0.13.5.jar
7fb903c62000-7fb903c65000 r--s 00018000 08:01 404623                     /home/vagrant/.sbt/boot/scala-2.10.4/org.scala-sbt/sbt/0.13.5/logging-0.13.5.jar
7fb903c65000-7fb903c70000 r--s 000a3000 08:01 404607                     /home/vagrant/.sbt/boot/scala-2.10.4/org.scala-sbt/sbt/0.13.5/ivy-0.13.5.jar
7fb903c70000-7fb903c72000 r--s 00006000 08:01 404639                     /home/vagrant/.sbt/boot/scala-2.10.4/org.scala-sbt/sbt/0.13.5/relation-0.13.5.jar
7fb903c72000-7fb903c75000 r--s 00013000 08:01 404652                     /home/vagrant/.sbt/boot/scala-2.10.4/org.scala-sbt/sbt/0.13.5/classpath-0.13.5.jar
7fb903c75000-7fb903c77000 r--s 00002000 08:01 404630                     /home/vagrant/.sbt/boot/scala-2.10.4/org.scala-sbt/sbt/0.13.5/control-0.13.5.jar
7fb903c77000-7fb903c7b000 r--s 00034000 08:01 404619                     /home/vagrant/.sbt/boot/scala-2.10.4/org.scala-sbt/sbt/0.13.5/jsch-0.1.46.jar
7fb903c7b000-7fb903c82000 r--s 00049000 08:01 404608                     /home/vagrant/.sbt/boot/scala-2.10.4/org.scala-sbt/sbt/0.13.5/api-0.13.5.jar
7fb903c82000-7fb903c84000 r--s 00001000 08:01 404637                     /home/vagrant/.sbt/boot/scala-2.10.4/org.scala-sbt/sbt/0.13.5/cross-0.13.5.jar
7fb903c84000-7fb903c87000 r--s 0001d000 08:01 404654                     /home/vagrant/.sbt/boot/scala-2.10.4/org.scala-sbt/sbt/0.13.5/task-system-0.13.5.jar
7fb903c87000-7fb903c9c000 r--s 00116000 08:01 404644                     /home/vagrant/.sbt/boot/scala-2.10.4/org.scala-sbt/sbt/0.13.5/ivy-2.3.0.jar
7fb903c9c000-7fb903cc3000 r--s 00200000 08:01 404651                     /home/vagrant/.sbt/boot/scala-2.10.4/org.scala-sbt/sbt/0.13.5/main-0.13.5.jar
7fb903cc3000-7fb903cc6000 r--s 0000e000 08:01 404634                     /home/vagrant/.sbt/boot/scala-2.10.4/org.scala-sbt/sbt/0.13.5/compiler-integration-0.13.5.jar
7fb903cc6000-7fb903ccb000 r--s 00036000 08:01 404627                     /home/vagrant/.sbt/boot/scala-2.10.4/org.scala-sbt/sbt/0.13.5/command-0.13.5.jar
7fb903ccb000-7fb903cce000 r--s 0001a000 08:01 404653                     /home/vagrant/.sbt/boot/scala-2.10.4/org.scala-sbt/sbt/0.13.5/cache-0.13.5.jar
7fb903cce000-7fb903cd0000 r--s 0000e000 08:01 404614                     /home/vagrant/.sbt/boot/scala-2.10.4/org.scala-sbt/sbt/0.13.5/logic-0.13.5.jar
7fb903cd0000-7fb903cd3000 r--s 0001e000 08:01 404633                     /home/vagrant/.sbt/boot/scala-2.10.4/org.scala-sbt/sbt/0.13.5/run-0.13.5.jar
7fb903cd3000-7fb903cd6000 r--s 00019000 08:01 404628                     /home/vagrant/.sbt/boot/scala-2.10.4/org.scala-sbt/sbt/0.13.5/compile-0.13.5.jar
7fb903cd6000-7fb903cd8000 r--s 00014000 08:01 404625                     /home/vagrant/.sbt/boot/scala-2.10.4/org.scala-sbt/sbt/0.13.5/apply-macro-0.13.5.jar
7fb903cd8000-7fb903cdb000 r--s 0001d000 08:01 404629                     /home/vagrant/.sbt/boot/scala-2.10.4/org.scala-sbt/sbt/0.13.5/tasks-0.13.5.jar
7fb903cdb000-7fb903cdf000 r--s 0001b000 08:01 404640                     /home/vagrant/.sbt/boot/scala-2.10.4/org.scala-sbt/sbt/0.13.5/process-0.13.5.jar
7fb903cdf000-7fb903ce2000 r--s 00012000 08:01 404611                     /home/vagrant/.sbt/boot/scala-2.10.4/org.scala-sbt/sbt/0.13.5/classfile-0.13.5.jar
7fb903ce2000-7fb903ce4000 r--s 00001000 08:01 404626                     /home/vagrant/.sbt/boot/scala-2.10.4/org.scala-sbt/sbt/0.13.5/launcher-interface-0.13.5.jar
7fb903ce4000-7fb903ced000 r--s 00064000 08:01 404650                     /home/vagrant/.sbt/boot/scala-2.10.4/org.scala-sbt/sbt/0.13.5/actions-0.13.5.jar
7fb903ced000-7fb903cf5000 r--s 0005c000 08:01 404641                     /home/vagrant/.sbt/boot/scala-2.10.4/org.scala-sbt/sbt/0.13.5/collections-0.13.5.jar
7fb903cf5000-7fb903cf9000 r--s 00022000 08:01 404646                     /home/vagrant/.sbt/boot/scala-2.10.4/org.scala-sbt/sbt/0.13.5/sbinary_2.10-0.4.2.jar
7fb903cf9000-7fb903d01000 r--s 00057000 08:01 404649                     /home/vagrant/.sbt/boot/scala-2.10.4/org.scala-sbt/sbt/0.13.5/completion-0.13.5.jar
7fb903d01000-7fb903d03000 r--s 00002000 08:01 404613                     /home/vagrant/.sbt/boot/scala-2.10.4/org.scala-sbt/sbt/0.13.5/test-interface-1.0.jar
7fb903d03000-7fb903d05000 r--s 00001000 08:01 404645                     /home/vagrant/.sbt/boot/scala-2.10.4/org.scala-sbt/sbt/0.13.5/compiler-ivy-integration-0.13.5.jar
7fb903d05000-7fb903d3b000 r--s 002d9000 08:01 404620                     /home/vagrant/.sbt/boot/scala-2.10.4/org.scala-sbt/sbt/0.13.5/scala-reflect-2.10.4.jar
7fb903d3b000-7fb903d41000 r--s 0003d000 08:01 404612                     /home/vagrant/.sbt/boot/scala-2.10.4/org.scala-sbt/sbt/0.13.5/io-0.13.5.jar
7fb903d41000-7fb903d4b000 r--s 00090000 08:01 404624                     /home/vagrant/.sbt/boot/scala-2.10.4/org.scala-sbt/sbt/0.13.5/main-settings-0.13.5.jar
7fb903d4b000-7fb903d4e000 r--s 00017000 08:01 404609                     /home/vagrant/.sbt/boot/scala-2.10.4/org.scala-sbt/sbt/0.13.5/testing-0.13.5.jar
7fb903d4e000-7fb903d56000 r--s 0005e000 08:01 404638                     /home/vagrant/.sbt/boot/scala-2.10.4/org.scala-sbt/sbt/0.13.5/incremental-compiler-0.13.5.jar
7fb903d56000-7fb903d5a000 r--s 00024000 08:01 404615                     /home/vagrant/.sbt/boot/scala-2.10.4/org.scala-sbt/sbt/0.13.5/persist-0.13.5.jar
7fb903d5a000-7fb903e57000 r--s 00cca000 08:01 404656                     /home/vagrant/.sbt/boot/scala-2.10.4/lib/scala-compiler.jar
7fb903e57000-7fb903e8d000 r--s 002d9000 08:01 404658                     /home/vagrant/.sbt/boot/scala-2.10.4/lib/scala-reflect.jar
7fb903e8d000-7fb903eff000 r--s 0065a000 08:01 404660                     /home/vagrant/.sbt/boot/scala-2.10.4/lib/scala-library.jar
7fb903eff000-7fb903f02000 ---p 00000000 00:00 0 
7fb903f02000-7fb904000000 rw-p 00000000 00:00 0 
7fb904000000-7fb9053a5000 rw-p 00000000 00:00 0 
7fb9053a5000-7fb908000000 ---p 00000000 00:00 0 
7fb908000000-7fb908021000 rw-p 00000000 00:00 0 
7fb908021000-7fb90c000000 ---p 00000000 00:00 0 
7fb90c000000-7fb90c04f000 rw-p 00000000 00:00 0 
7fb90c04f000-7fb910000000 ---p 00000000 00:00 0 
7fb910000000-7fb91131a000 rw-p 00000000 00:00 0 
7fb91131a000-7fb914000000 ---p 00000000 00:00 0 
7fb914000000-7fb914283000 rw-p 00000000 00:00 0 
7fb914283000-7fb918000000 ---p 00000000 00:00 0 
7fb918000000-7fb918021000 rw-p 00000000 00:00 0 
7fb918021000-7fb91c000000 ---p 00000000 00:00 0 
7fb91c000000-7fb91c5b0000 rw-p 00000000 00:00 0 
7fb91c5b0000-7fb920000000 ---p 00000000 00:00 0 
7fb920001000-7fb920004000 r--s 00030000 08:01 404616                     /home/vagrant/.sbt/boot/scala-2.10.4/org.scala-sbt/sbt/0.13.5/jline-2.11.jar
7fb920004000-7fb920007000 r--s 00018000 08:01 404657                     /home/vagrant/.sbt/boot/scala-2.10.4/lib/jansi.jar
7fb920007000-7fb920013000 r--s 000af000 08:01 398437                     /usr/java/jdk1.7.0_55/jre/lib/resources.jar
7fb920013000-7fb920029000 r-xp 00000000 08:01 265250                     /lib64/libresolv-2.12.so
7fb920029000-7fb920229000 ---p 00016000 08:01 265250                     /lib64/libresolv-2.12.so
7fb920229000-7fb92022a000 r--p 00016000 08:01 265250                     /lib64/libresolv-2.12.so
7fb92022a000-7fb92022b000 rw-p 00017000 08:01 265250                     /lib64/libresolv-2.12.so
7fb92022b000-7fb92022d000 rw-p 00000000 00:00 0 
7fb92022d000-7fb920232000 r-xp 00000000 08:01 265238                     /lib64/libnss_dns-2.12.so
7fb920232000-7fb920431000 ---p 00005000 08:01 265238                     /lib64/libnss_dns-2.12.so
7fb920431000-7fb920432000 r--p 00004000 08:01 265238                     /lib64/libnss_dns-2.12.so
7fb920432000-7fb920433000 rw-p 00005000 08:01 265238                     /lib64/libnss_dns-2.12.so
7fb920433000-7fb920434000 r--s 00001000 08:01 133384                     /home/vagrant/.ivy2/cache/oauth.signpost/signpost-commonshttp4/jars/signpost-commonshttp4-1.2.1.2.jar
7fb920434000-7fb920438000 r--s 00025000 08:01 404659                     /home/vagrant/.sbt/boot/scala-2.10.4/lib/jline.jar
7fb920438000-7fb920439000 r--s 00001000 08:01 404280                     /home/vagrant/.sbt/boot/scala-2.11.1/com.typesafe.activator/activator-launcher/1.2.3/activator-props-1.2.3.jar
7fb920439000-7fb9204f9000 r--s 0072c000 08:01 404281                     /home/vagrant/.sbt/boot/scala-2.11.1/com.typesafe.activator/activator-launcher/1.2.3/aws-java-sdk-1.3.29.jar
7fb9204f9000-7fb9204fb000 r--s 00002000 08:01 404276                     /home/vagrant/.sbt/boot/scala-2.11.1/com.typesafe.activator/activator-launcher/1.2.3/control-0.13.5.jar
7fb9204fb000-7fb920502000 r--s 0003c000 08:01 404271                     /home/vagrant/.sbt/boot/scala-2.11.1/com.typesafe.activator/activator-launcher/1.2.3/activator-common-1.0-e9eaed4661e404bea0523f07a81ae5bff1485125.jar
7fb920502000-7fb920508000 r--s 0002c000 08:01 404275                     /home/vagrant/.sbt/boot/scala-2.11.1/com.typesafe.activator/activator-launcher/1.2.3/lucene-queries-4.3.0.jar
7fb920508000-7fb92050c000 r--s 00014000 08:01 404277                     /home/vagrant/.sbt/boot/scala-2.11.1/com.typesafe.activator/activator-launcher/1.2.3/xz-1.0.jar
7fb92050c000-7fb920514000 r--s 0004e000 08:01 404262                     /home/vagrant/.sbt/boot/scala-2.11.1/com.typesafe.activator/activator-launcher/1.2.3/httpclient-4.1.jar
7fb920514000-7fb920516000 r--s 00003000 08:01 404260                     /home/vagrant/.sbt/boot/scala-2.11.1/com.typesafe.activator/activator-launcher/1.2.3/activator-ui-common-1.2.3.jar
7fb920516000-7fb920518000 r--s 0000a000 08:01 404270                     /home/vagrant/.sbt/boot/scala-2.11.1/com.typesafe.activator/activator-launcher/1.2.3/commons-codec-1.3.jar
7fb920518000-7fb920525000 r--s 00097000 08:01 404264                     /home/vagrant/.sbt/boot/scala-2.11.1/com.typesafe.activator/activator-launcher/1.2.3/jackson-mapper-asl-1.8.9.jar
7fb920525000-7fb920530000 r--s 00096000 08:01 404288                     /home/vagrant/.sbt/boot/scala-2.11.1/com.typesafe.activator/activator-launcher/1.2.3/scala-xml_2.11-1.0.1.jar
7fb920530000-7fb92053b000 r--s 0005c000 08:01 404268                     /home/vagrant/.sbt/boot/scala-2.11.1/com.typesafe.activator/activator-launcher/1.2.3/scala-parser-combinators_2.11-1.0.1.jar
7fb92053b000-7fb920560000 r--s 001f7000 08:01 404284                     /home/vagrant/.sbt/boot/scala-2.11.1/com.typesafe.activator/activator-launcher/1.2.3/lucene-core-4.3.0.jar
7fb920560000-7fb920565000 r--s 00028000 08:01 404286                     /home/vagrant/.sbt/boot/scala-2.11.1/com.typesafe.activator/activator-launcher/1.2.3/httpcore-4.1.jar
7fb920565000-7fb92056a000 r--s 00036000 08:01 404272                     /home/vagrant/.sbt/boot/scala-2.11.1/com.typesafe.activator/activator-launcher/1.2.3/commons-compress-1.4.1.jar
7fb92056a000-7fb92056c000 r--s 00001000 08:01 404274                     /home/vagrant/.sbt/boot/scala-2.11.1/com.typesafe.activator/activator-launcher/1.2.3/launcher-interface-0.13.5.jar
7fb92056c000-7fb92056e000 r--s 0000a000 08:01 404279                     /home/vagrant/.sbt/boot/scala-2.11.1/com.typesafe.activator/activator-launcher/1.2.3/lucene-sandbox-4.3.0.jar
7fb92056e000-7fb92057e000 r--s 0016e000 08:01 404267                     /home/vagrant/.sbt/boot/scala-2.11.1/com.typesafe.activator/activator-launcher/1.2.3/lucene-analyzers-common-4.3.0.jar
7fb92057e000-7fb920586000 r--s 0005c000 08:01 404283                     /home/vagrant/.sbt/boot/scala-2.11.1/com.typesafe.activator/activator-launcher/1.2.3/collections-0.13.5.jar
7fb920586000-7fb92058e000 r--s 00057000 08:01 404287                     /home/vagrant/.sbt/boot/scala-2.11.1/com.typesafe.activator/activator-launcher/1.2.3/completion-0.13.5.jar
7fb92058e000-7fb920592000 r--s 00032000 08:01 404273                     /home/vagrant/.sbt/boot/scala-2.11.1/com.typesafe.activator/activator-launcher/1.2.3/config-1.2.1.jar
7fb920592000-7fb920598000 r--s 0003d000 08:01 404266                     /home/vagrant/.sbt/boot/scala-2.11.1/com.typesafe.activator/activator-launcher/1.2.3/io-0.13.5.jar
7fb920598000-7fb920688000 r--s 00be4000 08:01 404309                     /home/vagrant/.sbt/boot/scala-2.11.1/lib/scala-compiler.jar
7fb920688000-7fb9206d3000 r--s 003e1000 08:01 404307                     /home/vagrant/.sbt/boot/scala-2.11.1/lib/scala-reflect.jar
7fb9206d3000-7fb9206e3000 r-xp 00000000 08:01 398182                     /usr/java/jdk1.7.0_55/jre/lib/amd64/libnio.so
7fb9206e3000-7fb9208e3000 ---p 00010000 08:01 398182                     /usr/java/jdk1.7.0_55/jre/lib/amd64/libnio.so
7fb9208e3000-7fb9208e4000 rw-p 00010000 08:01 398182                     /usr/java/jdk1.7.0_55/jre/lib/amd64/libnio.so
7fb9208e4000-7fb9208fa000 r-xp 00000000 08:01 398181                     /usr/java/jdk1.7.0_55/jre/lib/amd64/libnet.so
7fb9208fa000-7fb920afa000 ---p 00016000 08:01 398181                     /usr/java/jdk1.7.0_55/jre/lib/amd64/libnet.so
7fb920afa000-7fb920afb000 rw-p 00016000 08:01 398181                     /usr/java/jdk1.7.0_55/jre/lib/amd64/libnet.so
7fb920afb000-7fb920afc000 ---p 00000000 00:00 0 
7fb920afc000-7fb920bfc000 rw-p 00000000 00:00 0 
7fb920bfc000-7fb920bff000 ---p 00000000 00:00 0 
7fb920bff000-7fb920cfd000 rw-p 00000000 00:00 0 
7fb920cfd000-7fb920d00000 ---p 00000000 00:00 0 
7fb920d00000-7fb920dfe000 rw-p 00000000 00:00 0 
7fb920dfe000-7fb920e01000 ---p 00000000 00:00 0 
7fb920e01000-7fb920eff000 rw-p 00000000 00:00 0 
7fb920eff000-7fb920f02000 ---p 00000000 00:00 0 
7fb920f02000-7fb921000000 rw-p 00000000 00:00 0 
7fb921000000-7fb921680000 rwxp 00000000 00:00 0 
7fb921680000-7fb925e02000 rw-p 00000000 00:00 0 
7fb925e02000-7fb928000000 ---p 00000000 00:00 0 
7fb928000000-7fb928001000 r--s 00002000 08:01 132656                     /home/vagrant/.ivy2/cache/com.typesafe.play/build-link/jars/build-link-2.3.2.jar
7fb928001000-7fb928005000 r--s 0008a000 08:01 398438                     /usr/java/jdk1.7.0_55/jre/lib/jsse.jar
7fb928005000-7fb92800e000 r--s 00056000 08:01 404265                     /home/vagrant/.sbt/boot/scala-2.11.1/com.typesafe.activator/activator-launcher/1.2.3/lucene-queryparser-4.3.0.jar
7fb92800e000-7fb928011000 r--s 00016000 08:01 404282                     /home/vagrant/.sbt/boot/scala-2.11.1/com.typesafe.activator/activator-launcher/1.2.3/activator-launcher-1.2.3.jar
7fb928011000-7fb928037000 r--s 00241000 08:01 404278                     /home/vagrant/.sbt/boot/scala-2.11.1/com.typesafe.activator/activator-launcher/1.2.3/akka-actor_2.11-2.3.3.jar
7fb928037000-7fb92803e000 r--s 0003a000 08:01 404263                     /home/vagrant/.sbt/boot/scala-2.11.1/com.typesafe.activator/activator-launcher/1.2.3/activator-templates-cache-1.0-e9eaed4661e404bea0523f07a81ae5bff1485125.jar
7fb92803e000-7fb928042000 r--s 00034000 08:01 404289                     /home/vagrant/.sbt/boot/scala-2.11.1/com.typesafe.activator/activator-launcher/1.2.3/jackson-core-asl-1.8.9.jar
7fb928042000-7fb928045000 r--s 00030000 08:01 404305                     /home/vagrant/.sbt/boot/scala-2.11.1/lib/jline.jar
7fb928045000-7fb92804f000 r--s 00095000 08:01 404306                     /home/vagrant/.sbt/boot/scala-2.11.1/lib/scala-xml_2.11.jar
7fb92804f000-7fb9280a8000 r--s 004f0000 08:01 404308                     /home/vagrant/.sbt/boot/scala-2.11.1/lib/scala-library.jar
7fb9280a8000-7fb928297000 r--p 00000000 08:01 262242                     /usr/lib/locale/locale-archive
7fb928297000-7fb92829a000 ---p 00000000 00:00 0 
7fb92829a000-7fb928398000 rw-p 00000000 00:00 0 
7fb928398000-7fb92839b000 ---p 00000000 00:00 0 
7fb92839b000-7fb928499000 rw-p 00000000 00:00 0 
7fb928499000-7fb92849a000 ---p 00000000 00:00 0 
7fb92849a000-7fb9285e5000 rw-p 00000000 00:00 0 
7fb9285e5000-7fb9287a3000 r--s 039d0000 08:01 404047                     /usr/java/jdk1.7.0_55/jre/lib/rt.jar
7fb9287a3000-7fb928897000 rw-p 00000000 00:00 0 
7fb928897000-7fb9288f5000 rw-p 00000000 00:00 0 
7fb9288f5000-7fb928c6e000 rw-p 00000000 00:00 0 
7fb928c6e000-7fb928ccb000 rw-p 00000000 00:00 0 
7fb928ccb000-7fb928ccc000 rw-p 00000000 00:00 0 
7fb928ccc000-7fb928ce6000 r-xp 00000000 08:01 398193                     /usr/java/jdk1.7.0_55/jre/lib/amd64/libzip.so
7fb928ce6000-7fb928ee6000 ---p 0001a000 08:01 398193                     /usr/java/jdk1.7.0_55/jre/lib/amd64/libzip.so
7fb928ee6000-7fb928ee7000 rw-p 0001a000 08:01 398193                     /usr/java/jdk1.7.0_55/jre/lib/amd64/libzip.so
7fb928ee7000-7fb928ef3000 r-xp 00000000 08:01 265240                     /lib64/libnss_files-2.12.so
7fb928ef3000-7fb9290f3000 ---p 0000c000 08:01 265240                     /lib64/libnss_files-2.12.so
7fb9290f3000-7fb9290f4000 r--p 0000c000 08:01 265240                     /lib64/libnss_files-2.12.so
7fb9290f4000-7fb9290f5000 rw-p 0000d000 08:01 265240                     /lib64/libnss_files-2.12.so
7fb9290f5000-7fb92911e000 r-xp 00000000 08:01 398163                     /usr/java/jdk1.7.0_55/jre/lib/amd64/libjava.so
7fb92911e000-7fb92931e000 ---p 00029000 08:01 398163                     /usr/java/jdk1.7.0_55/jre/lib/amd64/libjava.so
7fb92931e000-7fb929320000 rw-p 00029000 08:01 398163                     /usr/java/jdk1.7.0_55/jre/lib/amd64/libjava.so
7fb929320000-7fb92932d000 r-xp 00000000 08:01 398192                     /usr/java/jdk1.7.0_55/jre/lib/amd64/libverify.so
7fb92932d000-7fb92952c000 ---p 0000d000 08:01 398192                     /usr/java/jdk1.7.0_55/jre/lib/amd64/libverify.so
7fb92952c000-7fb92952e000 rw-p 0000c000 08:01 398192                     /usr/java/jdk1.7.0_55/jre/lib/amd64/libverify.so
7fb92952e000-7fb929535000 r-xp 00000000 08:01 265252                     /lib64/librt-2.12.so
7fb929535000-7fb929734000 ---p 00007000 08:01 265252                     /lib64/librt-2.12.so
7fb929734000-7fb929735000 r--p 00006000 08:01 265252                     /lib64/librt-2.12.so
7fb929735000-7fb929736000 rw-p 00007000 08:01 265252                     /lib64/librt-2.12.so
7fb929736000-7fb9297b9000 r-xp 00000000 08:01 265232                     /lib64/libm-2.12.so
7fb9297b9000-7fb9299b8000 ---p 00083000 08:01 265232                     /lib64/libm-2.12.so
7fb9299b8000-7fb9299b9000 r--p 00082000 08:01 265232                     /lib64/libm-2.12.so
7fb9299b9000-7fb9299ba000 rw-p 00083000 08:01 265232                     /lib64/libm-2.12.so
7fb9299ba000-7fb92a51c000 r-xp 00000000 08:01 398197                     /usr/java/jdk1.7.0_55/jre/lib/amd64/server/libjvm.so
7fb92a51c000-7fb92a71c000 ---p 00b62000 08:01 398197                     /usr/java/jdk1.7.0_55/jre/lib/amd64/server/libjvm.so
7fb92a71c000-7fb92a7df000 rw-p 00b62000 08:01 398197                     /usr/java/jdk1.7.0_55/jre/lib/amd64/server/libjvm.so
7fb92a7df000-7fb92a820000 rw-p 00000000 00:00 0 
7fb92a820000-7fb92a9aa000 r-xp 00000000 08:01 265224                     /lib64/libc-2.12.so
7fb92a9aa000-7fb92aba9000 ---p 0018a000 08:01 265224                     /lib64/libc-2.12.so
7fb92aba9000-7fb92abad000 r--p 00189000 08:01 265224                     /lib64/libc-2.12.so
7fb92abad000-7fb92abae000 rw-p 0018d000 08:01 265224                     /lib64/libc-2.12.so
7fb92abae000-7fb92abb3000 rw-p 00000000 00:00 0 
7fb92abb3000-7fb92abb5000 r-xp 00000000 08:01 265230                     /lib64/libdl-2.12.so
7fb92abb5000-7fb92adb5000 ---p 00002000 08:01 265230                     /lib64/libdl-2.12.so
7fb92adb5000-7fb92adb6000 r--p 00002000 08:01 265230                     /lib64/libdl-2.12.so
7fb92adb6000-7fb92adb7000 rw-p 00003000 08:01 265230                     /lib64/libdl-2.12.so
7fb92adb7000-7fb92adcd000 r-xp 00000000 08:01 403030                     /usr/java/jdk1.7.0_55/lib/amd64/jli/libjli.so
7fb92adcd000-7fb92afcd000 ---p 00016000 08:01 403030                     /usr/java/jdk1.7.0_55/lib/amd64/jli/libjli.so
7fb92afcd000-7fb92afce000 rw-p 00016000 08:01 403030                     /usr/java/jdk1.7.0_55/lib/amd64/jli/libjli.so
7fb92afce000-7fb92afe5000 r-xp 00000000 08:01 265248                     /lib64/libpthread-2.12.so
7fb92afe5000-7fb92b1e5000 ---p 00017000 08:01 265248                     /lib64/libpthread-2.12.so
7fb92b1e5000-7fb92b1e6000 r--p 00017000 08:01 265248                     /lib64/libpthread-2.12.so
7fb92b1e6000-7fb92b1e7000 rw-p 00018000 08:01 265248                     /lib64/libpthread-2.12.so
7fb92b1e7000-7fb92b1eb000 rw-p 00000000 00:00 0 
7fb92b1eb000-7fb92b20b000 r-xp 00000000 08:01 265216                     /lib64/ld-2.12.so
7fb92b20b000-7fb92b20c000 r--s 00005000 08:01 404606                     /home/vagrant/.sbt/boot/scala-2.10.4/org.scala-sbt/sbt/0.13.5/sbt-0.13.5.jar
7fb92b20c000-7fb92b20d000 r--s 0000a000 08:01 404610                     /home/vagrant/.sbt/boot/scala-2.10.4/org.scala-sbt/sbt/0.13.5/tracking-0.13.5.jar
7fb92b20d000-7fb92b210000 r--s 00030000 08:01 404269                     /home/vagrant/.sbt/boot/scala-2.11.1/com.typesafe.activator/activator-launcher/1.2.3/jline-2.11.jar
7fb92b210000-7fb92b21b000 r--s 0005c000 08:01 404310                     /home/vagrant/.sbt/boot/scala-2.11.1/lib/scala-parser-combinators_2.11.jar
7fb92b21b000-7fb92b237000 r--s 00107000 08:01 278901                     /home/vagrant/activator-1.2.3-minimal/MonicoAPI/activator-launch-1.2.3.jar
7fb92b237000-7fb92b251000 rw-p 00000000 00:00 0 
7fb92b251000-7fb92b2f7000 rw-p 00000000 00:00 0 
7fb92b2f7000-7fb92b2ff000 rw-s 00000000 08:01 278826                     /tmp/hsperfdata_vagrant/3896
7fb92b2ff000-7fb92b302000 ---p 00000000 00:00 0 
7fb92b302000-7fb92b404000 rw-p 00000000 00:00 0 
7fb92b404000-7fb92b405000 r--s 00005000 08:01 404605                     /home/vagrant/.sbt/boot/scala-2.10.4/org.scala-sbt/sbt/0.13.5/test-agent-0.13.5.jar
7fb92b405000-7fb92b407000 r--s 0000d000 08:01 404285                     /home/vagrant/.sbt/boot/scala-2.11.1/com.typesafe.activator/activator-launcher/1.2.3/commons-logging-1.1.1.jar
7fb92b407000-7fb92b408000 rw-p 00000000 00:00 0 
7fb92b408000-7fb92b409000 ---p 00000000 00:00 0 
7fb92b409000-7fb92b40a000 rw-p 00000000 00:00 0 
7fb92b40a000-7fb92b40b000 r--p 0001f000 08:01 265216                     /lib64/ld-2.12.so
7fb92b40b000-7fb92b40c000 rw-p 00020000 08:01 265216                     /lib64/ld-2.12.so
7fb92b40c000-7fb92b40d000 rw-p 00000000 00:00 0 
7fff11c4c000-7fff11c61000 rw-p 00000000 00:00 0                          [stack]
7fff11c6a000-7fff11c6b000 r-xp 00000000 00:00 0                          [vdso]
ffffffffff600000-ffffffffff601000 r-xp 00000000 00:00 0                  [vsyscall]

VM Arguments:
jvm_args: -Dactivator.home=/home/vagrant/activator-1.2.3-minimal/MonicoAPI -Xms1024m -Xmx1024m -XX:PermSize=64m -XX:MaxPermSize=256m 
java_command: /home/vagrant/activator-1.2.3-minimal/MonicoAPI/activator-launch-1.2.3.jar run
Launcher Type: SUN_STANDARD

Environment Variables:
PATH=/usr/local/bin:/bin:/usr/bin:/usr/local/sbin:/usr/sbin:/sbin:/usr/local/play:/home/vagrant/bin
SHELL=/bin/bash

Signal Handlers:
SIGSEGV: [libjvm.so+0x993980], sa_mask[0]=0x7ffbfeff, sa_flags=0x10000004
SIGBUS: [libjvm.so+0x993980], sa_mask[0]=0x7ffbfeff, sa_flags=0x10000004
SIGFPE: [libjvm.so+0x8106e0], sa_mask[0]=0x7ffbfeff, sa_flags=0x10000004
SIGPIPE: [libjvm.so+0x8106e0], sa_mask[0]=0x7ffbfeff, sa_flags=0x10000004
SIGXFSZ: [libjvm.so+0x8106e0], sa_mask[0]=0x7ffbfeff, sa_flags=0x10000004
SIGILL: [libjvm.so+0x8106e0], sa_mask[0]=0x7ffbfeff, sa_flags=0x10000004
SIGUSR1: SIG_DFL, sa_mask[0]=0x00000000, sa_flags=0x00000000
SIGUSR2: [libjvm.so+0x811bd0], sa_mask[0]=0x00000000, sa_flags=0x10000004
SIGHUP: [libjvm.so+0x812b40], sa_mask[0]=0x7ffbfeff, sa_flags=0x10000004
SIGINT: [libjvm.so+0x812b40], sa_mask[0]=0x7ffbfeff, sa_flags=0x10000004
SIGTERM: [libjvm.so+0x812b40], sa_mask[0]=0x7ffbfeff, sa_flags=0x10000004
SIGQUIT: [libjvm.so+0x812b40], sa_mask[0]=0x7ffbfeff, sa_flags=0x10000004


---------------  S Y S T E M  ---------------

OS:CentOS release 6.4 (Final)

uname:Linux 2.6.32-358.23.2.el6.x86_64 #1 SMP Wed Oct 16 18:37:12 UTC 2013 x86_64
libc:glibc 2.12 NPTL 2.12 
rlimit: STACK 10240k, CORE 0k, NPROC 1024, NOFILE 4096, AS infinity
load average:0.34 0.14 0.09

/proc/meminfo:
MemTotal:         603764 kB
MemFree:           33640 kB
Buffers:             464 kB
Cached:            10964 kB
SwapCached:       129784 kB
Active:           253140 kB
Inactive:         258752 kB
Active(anon):     249760 kB
Inactive(anon):   250968 kB
Active(file):       3380 kB
Inactive(file):     7784 kB
Unevictable:           0 kB
Mlocked:               0 kB
SwapTotal:       1254392 kB
SwapFree:         904800 kB
Dirty:                68 kB
Writeback:             0 kB
AnonPages:        481128 kB
Mapped:             5600 kB
Shmem:               212 kB
Slab:              29324 kB
SReclaimable:       7888 kB
SUnreclaim:        21436 kB
KernelStack:        1088 kB
PageTables:         4372 kB
NFS_Unstable:          0 kB
Bounce:                0 kB
WritebackTmp:          0 kB
CommitLimit:     1556272 kB
Committed_AS:    1670352 kB
VmallocTotal:   34359738367 kB
VmallocUsed:       32076 kB
VmallocChunk:   34359696884 kB
HardwareCorrupted:     0 kB
AnonHugePages:    176128 kB
HugePages_Total:       0
HugePages_Free:        0
HugePages_Rsvd:        0
HugePages_Surp:        0
Hugepagesize:       2048 kB
DirectMap4k:        7104 kB
DirectMap2M:      620544 kB


CPU:total 1 (1 cores per cpu, 1 threads per core) family 6 model 69 stepping 1, cmov, cx8, fxsr, mmx, sse, sse2, sse3, ssse3, tsc

/proc/cpuinfo:
processor	: 0
vendor_id	: GenuineIntel
cpu family	: 6
model		: 69
model name	: Intel(R) Core(TM) i7-4558U CPU @ 2.80GHz
stepping	: 1
cpu MHz		: 2714.489
cache size	: 6144 KB
fpu		: yes
fpu_exception	: yes
cpuid level	: 5
wp		: yes
flags		: fpu vme de pse tsc msr pae mce cx8 apic sep mtrr pge mca cmov pat pse36 clflush mmx fxsr sse sse2 syscall nx rdtscp lm constant_tsc up rep_good pni monitor ssse3 lahf_lm
bogomips	: 5428.97
clflush size	: 64
cache_alignment	: 64
address sizes	: 39 bits physical, 48 bits virtual
power management:



Memory: 4k page, physical 603764k(33640k free), swap 1254392k(904800k free)

vm_info: Java HotSpot(TM) 64-Bit Server VM (24.55-b03) for linux-amd64 JRE (1.7.0_55-b13), built on Mar 17 2014 19:43:58 by "java_re" with gcc 4.3.0 20080428 (Red Hat 4.3.0-8)

time: Mon Jul 28 01:54:56 2014
elapsed time: 3452 seconds

